<<<<<<< HEAD
12:54:16.467 [main] INFO  Util.LoggerUtil - Tests started
12:54:18.238 [TestNG-test=test-1] INFO  Util.LoggerUtil - Read src/test/java/TestData/BasicTestsData/SimpleFormDemoData.xlsx Data
12:54:18.280 [TestNG-test=test-1] INFO  Util.LoggerUtil - Get browser value
12:54:18.280 [TestNG-test=test-1] INFO  Util.LoggerUtil - Get url value
12:54:21.188 [TestNG-test=test-1] INFO  Util.LoggerUtil - Get headless value
12:54:44.665 [TestNG-test=test-1] INFO  Util.LoggerUtil - Initializing driver
12:54:44.667 [TestNG-test=test-1] INFO  Util.LoggerUtil - Get author value
12:54:44.828 [TestNG-test=test-1] INFO  Util.LoggerUtil - Test singleInput_Enter_Data_Should_Show_Message Started
12:54:45.627 [TestNG-test=test-1] INFO  Util.LoggerUtil - Wait for [[[ChromeDriver: chrome on windows (6793edb8bef107540d17d4da4a1330d7)] -> css selector: #myTab a], [[ChromeDriver: chrome on windows (6793edb8bef107540d17d4da4a1330d7)] -> css selector: #myTab a], [[ChromeDriver: chrome on windows (6793edb8bef107540d17d4da4a1330d7)] -> css selector: #myTab a], [[ChromeDriver: chrome on windows (6793edb8bef107540d17d4da4a1330d7)] -> css selector: #myTab a], [[ChromeDriver: chrome on windows (6793edb8bef107540d17d4da4a1330d7)] -> css selector: #myTab a]] to be visible
12:54:45.925 [TestNG-test=test-1] INFO  Util.LoggerUtil - Chose basic_example level
12:54:46.594 [TestNG-test=test-1] INFO  Util.LoggerUtil - Wait for [[[ChromeDriver: chrome on windows (6793edb8bef107540d17d4da4a1330d7)] -> css selector: #basic .list-group a], [[ChromeDriver: chrome on windows (6793edb8bef107540d17d4da4a1330d7)] -> css selector: #basic .list-group a], [[ChromeDriver: chrome on windows (6793edb8bef107540d17d4da4a1330d7)] -> css selector: #basic .list-group a], [[ChromeDriver: chrome on windows (6793edb8bef107540d17d4da4a1330d7)] -> css selector: #basic .list-group a], [[ChromeDriver: chrome on windows (6793edb8bef107540d17d4da4a1330d7)] -> css selector: #basic .list-group a], [[ChromeDriver: chrome on windows (6793edb8bef107540d17d4da4a1330d7)] -> css selector: #basic .list-group a], [[ChromeDriver: chrome on windows (6793edb8bef107540d17d4da4a1330d7)] -> css selector: #basic .list-group a], [[ChromeDriver: chrome on windows (6793edb8bef107540d17d4da4a1330d7)] -> css selector: #basic .list-group a]] to be visible
12:54:47.209 [TestNG-test=test-1] INFO  Util.LoggerUtil - Chose Simple Form Demo exercise
12:54:47.521 [TestNG-test=test-1] INFO  Util.LoggerUtil - Test singleInput_Enter_Data_Should_Show_Message Passed
12:54:47.521 [TestNG-test=test-1] INFO  Util.LoggerUtil - Get screenshotOnSuccess value
12:54:48.159 [TestNG-test=test-1] INFO  Util.LoggerUtil - Capture singleInput_Enter_Data_Should_Show_Message Screenshot
12:54:52.474 [TestNG-test=test-1] INFO  Util.LoggerUtil - Driver tear down
12:54:52.477 [TestNG-test=test-1] INFO  Util.LoggerUtil - Get browser value
12:54:52.478 [TestNG-test=test-1] INFO  Util.LoggerUtil - Get url value
12:54:52.548 [TestNG-test=test-1] INFO  Util.LoggerUtil - Get headless value
12:55:01.796 [TestNG-test=test-1] INFO  Util.LoggerUtil - Initializing driver
12:55:01.798 [TestNG-test=test-1] INFO  Util.LoggerUtil - Get author value
12:55:01.799 [TestNG-test=test-1] INFO  Util.LoggerUtil - Test singleInput_Enter_Data_Should_Show_Message Started
12:55:01.886 [TestNG-test=test-1] INFO  Util.LoggerUtil - Wait for [[[ChromeDriver: chrome on windows (67adb20db50d4f98c718b750ae343454)] -> css selector: #myTab a], [[ChromeDriver: chrome on windows (67adb20db50d4f98c718b750ae343454)] -> css selector: #myTab a], [[ChromeDriver: chrome on windows (67adb20db50d4f98c718b750ae343454)] -> css selector: #myTab a], [[ChromeDriver: chrome on windows (67adb20db50d4f98c718b750ae343454)] -> css selector: #myTab a], [[ChromeDriver: chrome on windows (67adb20db50d4f98c718b750ae343454)] -> css selector: #myTab a]] to be visible
12:55:01.973 [TestNG-test=test-1] INFO  Util.LoggerUtil - Chose basic_example level
12:55:02.615 [TestNG-test=test-1] INFO  Util.LoggerUtil - Wait for [[[ChromeDriver: chrome on windows (67adb20db50d4f98c718b750ae343454)] -> css selector: #basic .list-group a], [[ChromeDriver: chrome on windows (67adb20db50d4f98c718b750ae343454)] -> css selector: #basic .list-group a], [[ChromeDriver: chrome on windows (67adb20db50d4f98c718b750ae343454)] -> css selector: #basic .list-group a], [[ChromeDriver: chrome on windows (67adb20db50d4f98c718b750ae343454)] -> css selector: #basic .list-group a], [[ChromeDriver: chrome on windows (67adb20db50d4f98c718b750ae343454)] -> css selector: #basic .list-group a], [[ChromeDriver: chrome on windows (67adb20db50d4f98c718b750ae343454)] -> css selector: #basic .list-group a], [[ChromeDriver: chrome on windows (67adb20db50d4f98c718b750ae343454)] -> css selector: #basic .list-group a], [[ChromeDriver: chrome on windows (67adb20db50d4f98c718b750ae343454)] -> css selector: #basic .list-group a]] to be visible
12:55:03.809 [TestNG-test=test-1] INFO  Util.LoggerUtil - Chose Simple Form Demo exercise
12:55:03.940 [TestNG-test=test-1] INFO  Util.LoggerUtil - Test singleInput_Enter_Data_Should_Show_Message Passed
12:55:03.940 [TestNG-test=test-1] INFO  Util.LoggerUtil - Get screenshotOnSuccess value
12:55:04.233 [TestNG-test=test-1] INFO  Util.LoggerUtil - Capture singleInput_Enter_Data_Should_Show_Message Screenshot
12:55:05.758 [TestNG-test=test-1] INFO  Util.LoggerUtil - Driver tear down
12:55:05.762 [TestNG-test=test-1] INFO  Util.LoggerUtil - Get browser value
12:55:05.764 [TestNG-test=test-1] INFO  Util.LoggerUtil - Get url value
12:55:05.848 [TestNG-test=test-1] INFO  Util.LoggerUtil - Get headless value
12:55:15.126 [TestNG-test=test-1] INFO  Util.LoggerUtil - Initializing driver
12:55:15.127 [TestNG-test=test-1] INFO  Util.LoggerUtil - Get author value
12:55:15.128 [TestNG-test=test-1] INFO  Util.LoggerUtil - Test singleInput_Enter_Data_Should_Show_Message Started
12:55:15.206 [TestNG-test=test-1] INFO  Util.LoggerUtil - Wait for [[[ChromeDriver: chrome on windows (1428d4bcb1fae334aae1739fef948cda)] -> css selector: #myTab a], [[ChromeDriver: chrome on windows (1428d4bcb1fae334aae1739fef948cda)] -> css selector: #myTab a], [[ChromeDriver: chrome on windows (1428d4bcb1fae334aae1739fef948cda)] -> css selector: #myTab a], [[ChromeDriver: chrome on windows (1428d4bcb1fae334aae1739fef948cda)] -> css selector: #myTab a], [[ChromeDriver: chrome on windows (1428d4bcb1fae334aae1739fef948cda)] -> css selector: #myTab a]] to be visible
12:55:15.286 [TestNG-test=test-1] INFO  Util.LoggerUtil - Chose basic_example level
12:55:15.922 [TestNG-test=test-1] INFO  Util.LoggerUtil - Wait for [[[ChromeDriver: chrome on windows (1428d4bcb1fae334aae1739fef948cda)] -> css selector: #basic .list-group a], [[ChromeDriver: chrome on windows (1428d4bcb1fae334aae1739fef948cda)] -> css selector: #basic .list-group a], [[ChromeDriver: chrome on windows (1428d4bcb1fae334aae1739fef948cda)] -> css selector: #basic .list-group a], [[ChromeDriver: chrome on windows (1428d4bcb1fae334aae1739fef948cda)] -> css selector: #basic .list-group a], [[ChromeDriver: chrome on windows (1428d4bcb1fae334aae1739fef948cda)] -> css selector: #basic .list-group a], [[ChromeDriver: chrome on windows (1428d4bcb1fae334aae1739fef948cda)] -> css selector: #basic .list-group a], [[ChromeDriver: chrome on windows (1428d4bcb1fae334aae1739fef948cda)] -> css selector: #basic .list-group a], [[ChromeDriver: chrome on windows (1428d4bcb1fae334aae1739fef948cda)] -> css selector: #basic .list-group a]] to be visible
12:55:16.521 [TestNG-test=test-1] INFO  Util.LoggerUtil - Chose Simple Form Demo exercise
12:55:16.663 [TestNG-test=test-1] INFO  Util.LoggerUtil - Test singleInput_Enter_Data_Should_Show_Message Passed
12:55:16.663 [TestNG-test=test-1] INFO  Util.LoggerUtil - Get screenshotOnSuccess value
12:55:16.991 [TestNG-test=test-1] INFO  Util.LoggerUtil - Capture singleInput_Enter_Data_Should_Show_Message Screenshot
12:55:17.220 [TestNG-test=test-1] INFO  Util.LoggerUtil - Driver tear down
12:55:17.222 [TestNG-test=test-1] INFO  Util.LoggerUtil - Get browser value
12:55:17.222 [TestNG-test=test-1] INFO  Util.LoggerUtil - Get url value
12:55:17.247 [TestNG-test=test-1] INFO  Util.LoggerUtil - Get headless value
12:55:25.214 [TestNG-test=test-1] INFO  Util.LoggerUtil - Initializing driver
12:55:25.215 [TestNG-test=test-1] INFO  Util.LoggerUtil - Get author value
12:55:25.215 [TestNG-test=test-1] INFO  Util.LoggerUtil - Test singleInput_Enter_Data_Should_Show_Message Started
12:55:25.299 [TestNG-test=test-1] INFO  Util.LoggerUtil - Wait for [[[ChromeDriver: chrome on windows (527433aa9118e95964caa7b9728c3de1)] -> css selector: #myTab a], [[ChromeDriver: chrome on windows (527433aa9118e95964caa7b9728c3de1)] -> css selector: #myTab a], [[ChromeDriver: chrome on windows (527433aa9118e95964caa7b9728c3de1)] -> css selector: #myTab a], [[ChromeDriver: chrome on windows (527433aa9118e95964caa7b9728c3de1)] -> css selector: #myTab a], [[ChromeDriver: chrome on windows (527433aa9118e95964caa7b9728c3de1)] -> css selector: #myTab a]] to be visible
12:55:25.395 [TestNG-test=test-1] INFO  Util.LoggerUtil - Chose basic_example level
12:55:26.058 [TestNG-test=test-1] INFO  Util.LoggerUtil - Wait for [[[ChromeDriver: chrome on windows (527433aa9118e95964caa7b9728c3de1)] -> css selector: #basic .list-group a], [[ChromeDriver: chrome on windows (527433aa9118e95964caa7b9728c3de1)] -> css selector: #basic .list-group a], [[ChromeDriver: chrome on windows (527433aa9118e95964caa7b9728c3de1)] -> css selector: #basic .list-group a], [[ChromeDriver: chrome on windows (527433aa9118e95964caa7b9728c3de1)] -> css selector: #basic .list-group a], [[ChromeDriver: chrome on windows (527433aa9118e95964caa7b9728c3de1)] -> css selector: #basic .list-group a], [[ChromeDriver: chrome on windows (527433aa9118e95964caa7b9728c3de1)] -> css selector: #basic .list-group a], [[ChromeDriver: chrome on windows (527433aa9118e95964caa7b9728c3de1)] -> css selector: #basic .list-group a], [[ChromeDriver: chrome on windows (527433aa9118e95964caa7b9728c3de1)] -> css selector: #basic .list-group a]] to be visible
12:55:26.694 [TestNG-test=test-1] INFO  Util.LoggerUtil - Chose Simple Form Demo exercise
12:55:26.819 [TestNG-test=test-1] INFO  Util.LoggerUtil - Test singleInput_Enter_Data_Should_Show_Message Passed
12:55:26.820 [TestNG-test=test-1] INFO  Util.LoggerUtil - Get screenshotOnSuccess value
12:55:27.123 [TestNG-test=test-1] INFO  Util.LoggerUtil - Capture singleInput_Enter_Data_Should_Show_Message Screenshot
12:55:27.367 [TestNG-test=test-1] INFO  Util.LoggerUtil - Driver tear down
12:55:28.412 [main] INFO  Util.LoggerUtil - Tests finished
14:13:06.150 [main] INFO  TestComponents.Brudnopis - XD
14:13:06.207 [main] ERROR TestComponents.Brudnopis - XD
14:13:06.208 [main] INFO  Util.LoggerUtil - Mateusz
14:13:35.571 [main] INFO  Util.LoggerUtil - Get browser value
14:13:35.575 [main] INFO  Util.LoggerUtil - Get url value
14:13:39.427 [main] INFO  Util.LoggerUtil - Get headless value
14:14:12.918 [main] INFO  Util.LoggerUtil - Initializing driver
14:14:13.690 [main] INFO  Util.LoggerUtil - Wait for [[[ChromeDriver: chrome on windows (da8f2abab1725dd4e05ad8ffe5b50fcb)] -> css selector: #myTab a], [[ChromeDriver: chrome on windows (da8f2abab1725dd4e05ad8ffe5b50fcb)] -> css selector: #myTab a], [[ChromeDriver: chrome on windows (da8f2abab1725dd4e05ad8ffe5b50fcb)] -> css selector: #myTab a], [[ChromeDriver: chrome on windows (da8f2abab1725dd4e05ad8ffe5b50fcb)] -> css selector: #myTab a], [[ChromeDriver: chrome on windows (da8f2abab1725dd4e05ad8ffe5b50fcb)] -> css selector: #myTab a]] to be visible
14:14:14.395 [main] INFO  Util.LoggerUtil - Chose basic_example level
14:14:15.118 [main] INFO  Util.LoggerUtil - Wait for [[[ChromeDriver: chrome on windows (da8f2abab1725dd4e05ad8ffe5b50fcb)] -> css selector: #basic .list-group a], [[ChromeDriver: chrome on windows (da8f2abab1725dd4e05ad8ffe5b50fcb)] -> css selector: #basic .list-group a], [[ChromeDriver: chrome on windows (da8f2abab1725dd4e05ad8ffe5b50fcb)] -> css selector: #basic .list-group a], [[ChromeDriver: chrome on windows (da8f2abab1725dd4e05ad8ffe5b50fcb)] -> css selector: #basic .list-group a], [[ChromeDriver: chrome on windows (da8f2abab1725dd4e05ad8ffe5b50fcb)] -> css selector: #basic .list-group a], [[ChromeDriver: chrome on windows (da8f2abab1725dd4e05ad8ffe5b50fcb)] -> css selector: #basic .list-group a], [[ChromeDriver: chrome on windows (da8f2abab1725dd4e05ad8ffe5b50fcb)] -> css selector: #basic .list-group a], [[ChromeDriver: chrome on windows (da8f2abab1725dd4e05ad8ffe5b50fcb)] -> css selector: #basic .list-group a]] to be visible
14:14:18.820 [main] INFO  Util.LoggerUtil - Chose Check Box Demo exercise
14:14:20.096 [main] INFO  Util.LoggerUtil - Driver tear down
14:18:12.175 [main] INFO  Util.LoggerUtil - Tests started
14:18:14.673 [TestNG-test=test-1] INFO  Util.LoggerUtil - Read src/test/java/TestData/BasicTestsData/SimpleFormDemoData.xlsx data
14:18:14.812 [TestNG-test=test-1] INFO  Util.LoggerUtil - Get url value
14:19:17.832 [TestNG-test=test-1] INFO  Util.LoggerUtil - Initializing driver
14:19:17.836 [TestNG-test=test-1] INFO  Util.LoggerUtil - Get author value
14:19:17.891 [TestNG-test=test-1] INFO  Util.LoggerUtil - Test singleInput_Enter_Data_Should_Show_Message Started
14:19:19.547 [TestNG-test=test-1] INFO  Util.LoggerUtil - Wait for [[[ChromeDriver: chrome on windows (18e1aea5d449664c52a445a869f31d66)] -> css selector: #myTab a], [[ChromeDriver: chrome on windows (18e1aea5d449664c52a445a869f31d66)] -> css selector: #myTab a], [[ChromeDriver: chrome on windows (18e1aea5d449664c52a445a869f31d66)] -> css selector: #myTab a], [[ChromeDriver: chrome on windows (18e1aea5d449664c52a445a869f31d66)] -> css selector: #myTab a], [[ChromeDriver: chrome on windows (18e1aea5d449664c52a445a869f31d66)] -> css selector: #myTab a]] to be visible
14:19:20.495 [TestNG-test=test-1] INFO  Util.LoggerUtil - Chose basic_example level
14:19:21.513 [TestNG-test=test-1] INFO  Util.LoggerUtil - Wait for [[[ChromeDriver: chrome on windows (18e1aea5d449664c52a445a869f31d66)] -> css selector: #basic .list-group a], [[ChromeDriver: chrome on windows (18e1aea5d449664c52a445a869f31d66)] -> css selector: #basic .list-group a], [[ChromeDriver: chrome on windows (18e1aea5d449664c52a445a869f31d66)] -> css selector: #basic .list-group a], [[ChromeDriver: chrome on windows (18e1aea5d449664c52a445a869f31d66)] -> css selector: #basic .list-group a], [[ChromeDriver: chrome on windows (18e1aea5d449664c52a445a869f31d66)] -> css selector: #basic .list-group a], [[ChromeDriver: chrome on windows (18e1aea5d449664c52a445a869f31d66)] -> css selector: #basic .list-group a], [[ChromeDriver: chrome on windows (18e1aea5d449664c52a445a869f31d66)] -> css selector: #basic .list-group a], [[ChromeDriver: chrome on windows (18e1aea5d449664c52a445a869f31d66)] -> css selector: #basic .list-group a]] to be visible
14:19:24.546 [TestNG-test=test-1] INFO  Util.LoggerUtil - Chose Simple Form Demo exercise
14:19:25.203 [TestNG-test=test-1] INFO  Util.LoggerUtil - Test singleInput_Enter_Data_Should_Show_Message Passed
14:19:25.203 [TestNG-test=test-1] INFO  Util.LoggerUtil - Get screenshotOnSuccess value
14:19:25.914 [TestNG-test=test-1] INFO  Util.LoggerUtil - Capture singleInput_Enter_Data_Should_Show_Message Screenshot
14:19:26.295 [TestNG-test=test-1] INFO  Util.LoggerUtil - Driver tear down
14:19:26.298 [TestNG-test=test-1] INFO  Util.LoggerUtil - Get url value
14:19:41.444 [TestNG-test=test-1] INFO  Util.LoggerUtil - Initializing driver
14:19:41.446 [TestNG-test=test-1] INFO  Util.LoggerUtil - Get author value
14:19:41.447 [TestNG-test=test-1] INFO  Util.LoggerUtil - Test singleInput_Enter_Data_Should_Show_Message Started
14:19:41.537 [TestNG-test=test-1] INFO  Util.LoggerUtil - Wait for [[[ChromeDriver: chrome on windows (3e13071713234e1927545c797bb075c1)] -> css selector: #myTab a], [[ChromeDriver: chrome on windows (3e13071713234e1927545c797bb075c1)] -> css selector: #myTab a], [[ChromeDriver: chrome on windows (3e13071713234e1927545c797bb075c1)] -> css selector: #myTab a], [[ChromeDriver: chrome on windows (3e13071713234e1927545c797bb075c1)] -> css selector: #myTab a], [[ChromeDriver: chrome on windows (3e13071713234e1927545c797bb075c1)] -> css selector: #myTab a]] to be visible
14:19:41.619 [TestNG-test=test-1] INFO  Util.LoggerUtil - Chose basic_example level
14:19:42.454 [TestNG-test=test-1] INFO  Util.LoggerUtil - Wait for [[[ChromeDriver: chrome on windows (3e13071713234e1927545c797bb075c1)] -> css selector: #basic .list-group a], [[ChromeDriver: chrome on windows (3e13071713234e1927545c797bb075c1)] -> css selector: #basic .list-group a], [[ChromeDriver: chrome on windows (3e13071713234e1927545c797bb075c1)] -> css selector: #basic .list-group a], [[ChromeDriver: chrome on windows (3e13071713234e1927545c797bb075c1)] -> css selector: #basic .list-group a], [[ChromeDriver: chrome on windows (3e13071713234e1927545c797bb075c1)] -> css selector: #basic .list-group a], [[ChromeDriver: chrome on windows (3e13071713234e1927545c797bb075c1)] -> css selector: #basic .list-group a], [[ChromeDriver: chrome on windows (3e13071713234e1927545c797bb075c1)] -> css selector: #basic .list-group a], [[ChromeDriver: chrome on windows (3e13071713234e1927545c797bb075c1)] -> css selector: #basic .list-group a]] to be visible
14:19:45.174 [TestNG-test=test-1] INFO  Util.LoggerUtil - Chose Simple Form Demo exercise
14:19:45.889 [TestNG-test=test-1] INFO  Util.LoggerUtil - Test singleInput_Enter_Data_Should_Show_Message Passed
14:19:45.890 [TestNG-test=test-1] INFO  Util.LoggerUtil - Get screenshotOnSuccess value
14:19:46.330 [TestNG-test=test-1] INFO  Util.LoggerUtil - Capture singleInput_Enter_Data_Should_Show_Message Screenshot
14:19:46.593 [TestNG-test=test-1] INFO  Util.LoggerUtil - Driver tear down
14:19:46.595 [TestNG-test=test-1] INFO  Util.LoggerUtil - Get url value
14:19:52.003 [TestNG-test=test-1] INFO  Util.LoggerUtil - Initializing driver
14:19:52.005 [TestNG-test=test-1] INFO  Util.LoggerUtil - Get author value
14:19:52.006 [TestNG-test=test-1] INFO  Util.LoggerUtil - Test singleInput_Enter_Data_Should_Show_Message Started
14:19:52.097 [TestNG-test=test-1] INFO  Util.LoggerUtil - Wait for [[[ChromeDriver: chrome on windows (48a987338c1f547bc9665d020a1f627d)] -> css selector: #myTab a], [[ChromeDriver: chrome on windows (48a987338c1f547bc9665d020a1f627d)] -> css selector: #myTab a], [[ChromeDriver: chrome on windows (48a987338c1f547bc9665d020a1f627d)] -> css selector: #myTab a], [[ChromeDriver: chrome on windows (48a987338c1f547bc9665d020a1f627d)] -> css selector: #myTab a], [[ChromeDriver: chrome on windows (48a987338c1f547bc9665d020a1f627d)] -> css selector: #myTab a]] to be visible
14:19:52.181 [TestNG-test=test-1] INFO  Util.LoggerUtil - Chose basic_example level
14:19:52.833 [TestNG-test=test-1] INFO  Util.LoggerUtil - Wait for [[[ChromeDriver: chrome on windows (48a987338c1f547bc9665d020a1f627d)] -> css selector: #basic .list-group a], [[ChromeDriver: chrome on windows (48a987338c1f547bc9665d020a1f627d)] -> css selector: #basic .list-group a], [[ChromeDriver: chrome on windows (48a987338c1f547bc9665d020a1f627d)] -> css selector: #basic .list-group a], [[ChromeDriver: chrome on windows (48a987338c1f547bc9665d020a1f627d)] -> css selector: #basic .list-group a], [[ChromeDriver: chrome on windows (48a987338c1f547bc9665d020a1f627d)] -> css selector: #basic .list-group a], [[ChromeDriver: chrome on windows (48a987338c1f547bc9665d020a1f627d)] -> css selector: #basic .list-group a], [[ChromeDriver: chrome on windows (48a987338c1f547bc9665d020a1f627d)] -> css selector: #basic .list-group a], [[ChromeDriver: chrome on windows (48a987338c1f547bc9665d020a1f627d)] -> css selector: #basic .list-group a]] to be visible
14:19:53.876 [TestNG-test=test-1] INFO  Util.LoggerUtil - Chose Simple Form Demo exercise
14:19:54.014 [TestNG-test=test-1] INFO  Util.LoggerUtil - Test singleInput_Enter_Data_Should_Show_Message Passed
14:19:54.014 [TestNG-test=test-1] INFO  Util.LoggerUtil - Get screenshotOnSuccess value
14:19:54.106 [TestNG-test=test-1] INFO  Util.LoggerUtil - Capture singleInput_Enter_Data_Should_Show_Message Screenshot
14:19:54.250 [TestNG-test=test-1] INFO  Util.LoggerUtil - Driver tear down
14:19:54.252 [TestNG-test=test-1] INFO  Util.LoggerUtil - Get url value
14:19:58.862 [TestNG-test=test-1] INFO  Util.LoggerUtil - Initializing driver
14:19:58.863 [TestNG-test=test-1] INFO  Util.LoggerUtil - Get author value
14:19:58.864 [TestNG-test=test-1] INFO  Util.LoggerUtil - Test singleInput_Enter_Data_Should_Show_Message Started
14:19:58.954 [TestNG-test=test-1] INFO  Util.LoggerUtil - Wait for [[[ChromeDriver: chrome on windows (b2b2e205ecb3abda79a7ec19a9c2456d)] -> css selector: #myTab a], [[ChromeDriver: chrome on windows (b2b2e205ecb3abda79a7ec19a9c2456d)] -> css selector: #myTab a], [[ChromeDriver: chrome on windows (b2b2e205ecb3abda79a7ec19a9c2456d)] -> css selector: #myTab a], [[ChromeDriver: chrome on windows (b2b2e205ecb3abda79a7ec19a9c2456d)] -> css selector: #myTab a], [[ChromeDriver: chrome on windows (b2b2e205ecb3abda79a7ec19a9c2456d)] -> css selector: #myTab a]] to be visible
14:19:59.039 [TestNG-test=test-1] INFO  Util.LoggerUtil - Chose basic_example level
14:19:59.687 [TestNG-test=test-1] INFO  Util.LoggerUtil - Wait for [[[ChromeDriver: chrome on windows (b2b2e205ecb3abda79a7ec19a9c2456d)] -> css selector: #basic .list-group a], [[ChromeDriver: chrome on windows (b2b2e205ecb3abda79a7ec19a9c2456d)] -> css selector: #basic .list-group a], [[ChromeDriver: chrome on windows (b2b2e205ecb3abda79a7ec19a9c2456d)] -> css selector: #basic .list-group a], [[ChromeDriver: chrome on windows (b2b2e205ecb3abda79a7ec19a9c2456d)] -> css selector: #basic .list-group a], [[ChromeDriver: chrome on windows (b2b2e205ecb3abda79a7ec19a9c2456d)] -> css selector: #basic .list-group a], [[ChromeDriver: chrome on windows (b2b2e205ecb3abda79a7ec19a9c2456d)] -> css selector: #basic .list-group a], [[ChromeDriver: chrome on windows (b2b2e205ecb3abda79a7ec19a9c2456d)] -> css selector: #basic .list-group a], [[ChromeDriver: chrome on windows (b2b2e205ecb3abda79a7ec19a9c2456d)] -> css selector: #basic .list-group a]] to be visible
14:20:00.202 [TestNG-test=test-1] INFO  Util.LoggerUtil - Chose Simple Form Demo exercise
14:20:00.339 [TestNG-test=test-1] INFO  Util.LoggerUtil - Test singleInput_Enter_Data_Should_Show_Message Passed
14:20:00.339 [TestNG-test=test-1] INFO  Util.LoggerUtil - Get screenshotOnSuccess value
14:20:00.404 [TestNG-test=test-1] INFO  Util.LoggerUtil - Capture singleInput_Enter_Data_Should_Show_Message Screenshot
14:20:00.545 [TestNG-test=test-1] INFO  Util.LoggerUtil - Driver tear down
14:20:01.106 [main] INFO  Util.LoggerUtil - Tests finished
17:04:05.062 [main] INFO  Util.LoggerUtil - Read src/test/java/TestData/BasicTestsData/BoostrapAlertsData.xlsx data
17:04:05.172 [main] INFO  Util.LoggerUtil - Get browser value
17:04:05.173 [main] INFO  Util.LoggerUtil - Get url value
17:04:12.499 [main] INFO  Util.LoggerUtil - Get headless value
17:21:06.216 [main] INFO  Util.LoggerUtil - Tests started
17:21:11.007 [TestNG-test=test-1] INFO  Util.LoggerUtil - Read src/test/java/TestData/BasicTestsData/SimpleFormDemoData.xlsx data
17:21:11.030 [TestNG-test=test-1] INFO  Util.LoggerUtil - Get browser value
17:21:11.031 [TestNG-test=test-1] INFO  Util.LoggerUtil - Get url value
17:21:13.247 [TestNG-test=test-1] INFO  Util.LoggerUtil - Get headless value
17:21:40.508 [TestNG-test=test-1] INFO  Util.LoggerUtil - Initializing driver
17:21:40.517 [TestNG-test=test-1] INFO  Util.LoggerUtil - Get author value
17:21:40.889 [TestNG-test=test-1] INFO  Util.LoggerUtil - Test singleInput_Enter_Data_Should_Show_Message Started
17:21:42.516 [TestNG-test=test-1] INFO  Util.LoggerUtil - Wait for [[[ChromeDriver: chrome on windows (5a7e42a38a6fe6156363d0af35d55407)] -> css selector: #myTab a], [[ChromeDriver: chrome on windows (5a7e42a38a6fe6156363d0af35d55407)] -> css selector: #myTab a], [[ChromeDriver: chrome on windows (5a7e42a38a6fe6156363d0af35d55407)] -> css selector: #myTab a], [[ChromeDriver: chrome on windows (5a7e42a38a6fe6156363d0af35d55407)] -> css selector: #myTab a], [[ChromeDriver: chrome on windows (5a7e42a38a6fe6156363d0af35d55407)] -> css selector: #myTab a]] to be visible
17:21:43.602 [TestNG-test=test-1] INFO  Util.LoggerUtil - Chose basic_example level
17:21:44.249 [TestNG-test=test-1] INFO  Util.LoggerUtil - Wait for [[[ChromeDriver: chrome on windows (5a7e42a38a6fe6156363d0af35d55407)] -> css selector: #basic .list-group a], [[ChromeDriver: chrome on windows (5a7e42a38a6fe6156363d0af35d55407)] -> css selector: #basic .list-group a], [[ChromeDriver: chrome on windows (5a7e42a38a6fe6156363d0af35d55407)] -> css selector: #basic .list-group a], [[ChromeDriver: chrome on windows (5a7e42a38a6fe6156363d0af35d55407)] -> css selector: #basic .list-group a], [[ChromeDriver: chrome on windows (5a7e42a38a6fe6156363d0af35d55407)] -> css selector: #basic .list-group a], [[ChromeDriver: chrome on windows (5a7e42a38a6fe6156363d0af35d55407)] -> css selector: #basic .list-group a], [[ChromeDriver: chrome on windows (5a7e42a38a6fe6156363d0af35d55407)] -> css selector: #basic .list-group a], [[ChromeDriver: chrome on windows (5a7e42a38a6fe6156363d0af35d55407)] -> css selector: #basic .list-group a]] to be visible
17:21:45.306 [TestNG-test=test-1] INFO  Util.LoggerUtil - Chose Simple Form Demo exercise
17:21:45.820 [TestNG-test=test-1] INFO  Util.LoggerUtil - Test singleInput_Enter_Data_Should_Show_Message Passed
17:21:45.820 [TestNG-test=test-1] INFO  Util.LoggerUtil - Get screenshotOnSuccess value
17:21:46.828 [TestNG-test=test-1] INFO  Util.LoggerUtil - Capture singleInput_Enter_Data_Should_Show_Message Screenshot
17:21:47.651 [TestNG-test=test-1] INFO  Util.LoggerUtil - Driver tear down
17:21:47.653 [TestNG-test=test-1] INFO  Util.LoggerUtil - Get browser value
17:21:47.654 [TestNG-test=test-1] INFO  Util.LoggerUtil - Get url value
17:21:47.733 [TestNG-test=test-1] INFO  Util.LoggerUtil - Get headless value
17:21:58.876 [TestNG-test=test-1] INFO  Util.LoggerUtil - Initializing driver
17:21:58.878 [TestNG-test=test-1] INFO  Util.LoggerUtil - Get author value
17:21:58.879 [TestNG-test=test-1] INFO  Util.LoggerUtil - Test singleInput_Enter_Data_Should_Show_Message Started
17:21:59.113 [TestNG-test=test-1] INFO  Util.LoggerUtil - Wait for [[[ChromeDriver: chrome on windows (9ebf3817c544f1aba3b3341a60fd4c61)] -> css selector: #myTab a], [[ChromeDriver: chrome on windows (9ebf3817c544f1aba3b3341a60fd4c61)] -> css selector: #myTab a], [[ChromeDriver: chrome on windows (9ebf3817c544f1aba3b3341a60fd4c61)] -> css selector: #myTab a], [[ChromeDriver: chrome on windows (9ebf3817c544f1aba3b3341a60fd4c61)] -> css selector: #myTab a], [[ChromeDriver: chrome on windows (9ebf3817c544f1aba3b3341a60fd4c61)] -> css selector: #myTab a]] to be visible
17:21:59.320 [TestNG-test=test-1] INFO  Util.LoggerUtil - Chose basic_example level
17:21:59.984 [TestNG-test=test-1] INFO  Util.LoggerUtil - Wait for [[[ChromeDriver: chrome on windows (9ebf3817c544f1aba3b3341a60fd4c61)] -> css selector: #basic .list-group a], [[ChromeDriver: chrome on windows (9ebf3817c544f1aba3b3341a60fd4c61)] -> css selector: #basic .list-group a], [[ChromeDriver: chrome on windows (9ebf3817c544f1aba3b3341a60fd4c61)] -> css selector: #basic .list-group a], [[ChromeDriver: chrome on windows (9ebf3817c544f1aba3b3341a60fd4c61)] -> css selector: #basic .list-group a], [[ChromeDriver: chrome on windows (9ebf3817c544f1aba3b3341a60fd4c61)] -> css selector: #basic .list-group a], [[ChromeDriver: chrome on windows (9ebf3817c544f1aba3b3341a60fd4c61)] -> css selector: #basic .list-group a], [[ChromeDriver: chrome on windows (9ebf3817c544f1aba3b3341a60fd4c61)] -> css selector: #basic .list-group a], [[ChromeDriver: chrome on windows (9ebf3817c544f1aba3b3341a60fd4c61)] -> css selector: #basic .list-group a]] to be visible
17:22:02.057 [TestNG-test=test-1] INFO  Util.LoggerUtil - Chose Simple Form Demo exercise
17:22:02.558 [TestNG-test=test-1] INFO  Util.LoggerUtil - Test singleInput_Enter_Data_Should_Show_Message Passed
17:22:02.558 [TestNG-test=test-1] INFO  Util.LoggerUtil - Get screenshotOnSuccess value
17:22:03.138 [TestNG-test=test-1] INFO  Util.LoggerUtil - Capture singleInput_Enter_Data_Should_Show_Message Screenshot
17:22:06.513 [TestNG-test=test-1] INFO  Util.LoggerUtil - Driver tear down
17:22:06.514 [TestNG-test=test-1] INFO  Util.LoggerUtil - Get browser value
17:22:06.514 [TestNG-test=test-1] INFO  Util.LoggerUtil - Get url value
17:22:06.545 [TestNG-test=test-1] INFO  Util.LoggerUtil - Get headless value
17:22:16.650 [TestNG-test=test-1] INFO  Util.LoggerUtil - Initializing driver
17:22:16.651 [TestNG-test=test-1] INFO  Util.LoggerUtil - Get author value
17:22:16.654 [TestNG-test=test-1] INFO  Util.LoggerUtil - Test singleInput_Enter_Data_Should_Show_Message Started
17:22:19.666 [TestNG-test=test-1] INFO  Util.LoggerUtil - Wait for [[[ChromeDriver: chrome on windows (0eb443b43e08e462c8b9a72618f91536)] -> css selector: #myTab a], [[ChromeDriver: chrome on windows (0eb443b43e08e462c8b9a72618f91536)] -> css selector: #myTab a], [[ChromeDriver: chrome on windows (0eb443b43e08e462c8b9a72618f91536)] -> css selector: #myTab a], [[ChromeDriver: chrome on windows (0eb443b43e08e462c8b9a72618f91536)] -> css selector: #myTab a], [[ChromeDriver: chrome on windows (0eb443b43e08e462c8b9a72618f91536)] -> css selector: #myTab a]] to be visible
17:22:22.904 [TestNG-test=test-1] INFO  Util.LoggerUtil - Chose basic_example level
17:22:23.624 [TestNG-test=test-1] INFO  Util.LoggerUtil - Wait for [[[ChromeDriver: chrome on windows (0eb443b43e08e462c8b9a72618f91536)] -> css selector: #basic .list-group a], [[ChromeDriver: chrome on windows (0eb443b43e08e462c8b9a72618f91536)] -> css selector: #basic .list-group a], [[ChromeDriver: chrome on windows (0eb443b43e08e462c8b9a72618f91536)] -> css selector: #basic .list-group a], [[ChromeDriver: chrome on windows (0eb443b43e08e462c8b9a72618f91536)] -> css selector: #basic .list-group a], [[ChromeDriver: chrome on windows (0eb443b43e08e462c8b9a72618f91536)] -> css selector: #basic .list-group a], [[ChromeDriver: chrome on windows (0eb443b43e08e462c8b9a72618f91536)] -> css selector: #basic .list-group a], [[ChromeDriver: chrome on windows (0eb443b43e08e462c8b9a72618f91536)] -> css selector: #basic .list-group a], [[ChromeDriver: chrome on windows (0eb443b43e08e462c8b9a72618f91536)] -> css selector: #basic .list-group a]] to be visible
17:22:26.201 [TestNG-test=test-1] INFO  Util.LoggerUtil - Chose Simple Form Demo exercise
17:22:27.276 [TestNG-test=test-1] INFO  Util.LoggerUtil - Test singleInput_Enter_Data_Should_Show_Message Passed
17:22:27.276 [TestNG-test=test-1] INFO  Util.LoggerUtil - Get screenshotOnSuccess value
17:22:28.626 [TestNG-test=test-1] INFO  Util.LoggerUtil - Capture singleInput_Enter_Data_Should_Show_Message Screenshot
17:22:29.457 [TestNG-test=test-1] INFO  Util.LoggerUtil - Driver tear down
17:22:29.459 [TestNG-test=test-1] INFO  Util.LoggerUtil - Get browser value
17:22:29.459 [TestNG-test=test-1] INFO  Util.LoggerUtil - Get url value
17:22:29.495 [TestNG-test=test-1] INFO  Util.LoggerUtil - Get headless value
17:22:39.577 [TestNG-test=test-1] INFO  Util.LoggerUtil - Initializing driver
17:22:39.578 [TestNG-test=test-1] INFO  Util.LoggerUtil - Get author value
17:22:39.579 [TestNG-test=test-1] INFO  Util.LoggerUtil - Test singleInput_Enter_Data_Should_Show_Message Started
17:22:39.652 [TestNG-test=test-1] INFO  Util.LoggerUtil - Wait for [[[ChromeDriver: chrome on windows (05476f2427150bc07342e57387e46b11)] -> css selector: #myTab a], [[ChromeDriver: chrome on windows (05476f2427150bc07342e57387e46b11)] -> css selector: #myTab a], [[ChromeDriver: chrome on windows (05476f2427150bc07342e57387e46b11)] -> css selector: #myTab a], [[ChromeDriver: chrome on windows (05476f2427150bc07342e57387e46b11)] -> css selector: #myTab a], [[ChromeDriver: chrome on windows (05476f2427150bc07342e57387e46b11)] -> css selector: #myTab a]] to be visible
17:22:39.731 [TestNG-test=test-1] INFO  Util.LoggerUtil - Chose basic_example level
17:22:40.378 [TestNG-test=test-1] INFO  Util.LoggerUtil - Wait for [[[ChromeDriver: chrome on windows (05476f2427150bc07342e57387e46b11)] -> css selector: #basic .list-group a], [[ChromeDriver: chrome on windows (05476f2427150bc07342e57387e46b11)] -> css selector: #basic .list-group a], [[ChromeDriver: chrome on windows (05476f2427150bc07342e57387e46b11)] -> css selector: #basic .list-group a], [[ChromeDriver: chrome on windows (05476f2427150bc07342e57387e46b11)] -> css selector: #basic .list-group a], [[ChromeDriver: chrome on windows (05476f2427150bc07342e57387e46b11)] -> css selector: #basic .list-group a], [[ChromeDriver: chrome on windows (05476f2427150bc07342e57387e46b11)] -> css selector: #basic .list-group a], [[ChromeDriver: chrome on windows (05476f2427150bc07342e57387e46b11)] -> css selector: #basic .list-group a], [[ChromeDriver: chrome on windows (05476f2427150bc07342e57387e46b11)] -> css selector: #basic .list-group a]] to be visible
17:22:41.354 [TestNG-test=test-1] INFO  Util.LoggerUtil - Chose Simple Form Demo exercise
17:22:41.697 [TestNG-test=test-1] INFO  Util.LoggerUtil - Test singleInput_Enter_Data_Should_Show_Message Passed
17:22:41.697 [TestNG-test=test-1] INFO  Util.LoggerUtil - Get screenshotOnSuccess value
17:22:41.893 [TestNG-test=test-1] INFO  Util.LoggerUtil - Capture singleInput_Enter_Data_Should_Show_Message Screenshot
17:22:42.453 [TestNG-test=test-1] INFO  Util.LoggerUtil - Driver tear down
17:22:44.111 [main] INFO  Util.LoggerUtil - Tests finished
16:46:51.775 [main] INFO  Util.LoggerUtil - Read src/test/java/TestData/BasicTestsData/BoostrapAlertsData.xlsx data
16:46:51.831 [main] INFO  Util.LoggerUtil - Get browser value
16:46:51.832 [main] INFO  Util.LoggerUtil - Get url value
16:46:55.413 [main] INFO  Util.LoggerUtil - Get headless value
16:47:05.486 [main] INFO  Util.LoggerUtil - Driver tear down
16:47:05.545 [main] INFO  Util.LoggerUtil - Read src/test/java/TestData/BasicTestsData/BoostrapAlertsData.xlsx data
16:47:05.546 [main] INFO  Util.LoggerUtil - Get browser value
16:47:05.547 [main] INFO  Util.LoggerUtil - Get url value
16:47:06.430 [main] INFO  Util.LoggerUtil - Get headless value
16:47:08.424 [main] INFO  Util.LoggerUtil - Driver tear down
16:47:08.471 [main] INFO  Util.LoggerUtil - Read src/test/java/TestData/BasicTestsData/BoostrapAlertsData.xlsx data
16:47:08.472 [main] INFO  Util.LoggerUtil - Get browser value
16:47:08.473 [main] INFO  Util.LoggerUtil - Get url value
16:47:09.199 [main] INFO  Util.LoggerUtil - Get headless value
16:47:10.602 [main] INFO  Util.LoggerUtil - Driver tear down
16:47:10.668 [main] INFO  Util.LoggerUtil - Read src/test/java/TestData/BasicTestsData/BoostrapAlertsData.xlsx data
16:47:10.670 [main] INFO  Util.LoggerUtil - Get browser value
16:47:10.670 [main] INFO  Util.LoggerUtil - Get url value
16:47:11.767 [main] INFO  Util.LoggerUtil - Get headless value
16:47:13.023 [main] INFO  Util.LoggerUtil - Driver tear down
16:47:13.094 [main] INFO  Util.LoggerUtil - Read src/test/java/TestData/BasicTestsData/BoostrapAlertsData.xlsx data
16:47:13.094 [main] INFO  Util.LoggerUtil - Get browser value
16:47:13.095 [main] INFO  Util.LoggerUtil - Get url value
16:47:13.774 [main] INFO  Util.LoggerUtil - Get headless value
16:47:15.099 [main] INFO  Util.LoggerUtil - Driver tear down
16:47:15.134 [main] INFO  Util.LoggerUtil - Read src/test/java/TestData/BasicTestsData/BoostrapAlertsData.xlsx data
16:47:15.135 [main] INFO  Util.LoggerUtil - Get browser value
16:47:15.135 [main] INFO  Util.LoggerUtil - Get url value
16:47:15.732 [main] INFO  Util.LoggerUtil - Get headless value
16:47:16.847 [main] INFO  Util.LoggerUtil - Driver tear down
16:47:16.899 [main] INFO  Util.LoggerUtil - Read src/test/java/TestData/BasicTestsData/BoostrapAlertsData.xlsx data
16:47:16.900 [main] INFO  Util.LoggerUtil - Get browser value
16:47:16.901 [main] INFO  Util.LoggerUtil - Get url value
16:47:17.776 [main] INFO  Util.LoggerUtil - Get headless value
16:47:19.241 [main] INFO  Util.LoggerUtil - Driver tear down
16:47:19.307 [main] INFO  Util.LoggerUtil - Read src/test/java/TestData/BasicTestsData/BoostrapAlertsData.xlsx data
16:47:19.307 [main] INFO  Util.LoggerUtil - Get browser value
16:47:19.308 [main] INFO  Util.LoggerUtil - Get url value
16:47:19.930 [main] INFO  Util.LoggerUtil - Get headless value
16:47:21.069 [main] INFO  Util.LoggerUtil - Driver tear down
16:47:21.073 [main] INFO  Util.LoggerUtil - Get browser value
16:47:21.073 [main] INFO  Util.LoggerUtil - Get url value
16:47:21.725 [main] INFO  Util.LoggerUtil - Get headless value
16:47:23.378 [main] INFO  Util.LoggerUtil - Driver tear down
16:47:23.463 [main] INFO  Util.LoggerUtil - Read src/test/java/TestData/BasicTestsData/BoostrapModalsData.xlsx data
16:47:23.464 [main] INFO  Util.LoggerUtil - Get browser value
16:47:23.464 [main] INFO  Util.LoggerUtil - Get url value
16:47:24.437 [main] INFO  Util.LoggerUtil - Get headless value
16:47:26.640 [main] INFO  Util.LoggerUtil - Driver tear down
16:47:26.685 [main] INFO  Util.LoggerUtil - Read src/test/java/TestData/BasicTestsData/BoostrapModalsData.xlsx data
16:47:26.686 [main] INFO  Util.LoggerUtil - Get browser value
16:47:26.687 [main] INFO  Util.LoggerUtil - Get url value
16:47:27.367 [main] INFO  Util.LoggerUtil - Get headless value
16:47:28.580 [main] INFO  Util.LoggerUtil - Driver tear down
16:47:28.625 [main] INFO  Util.LoggerUtil - Read src/test/java/TestData/BasicTestsData/CheckboxDemoData.xlsx data
16:47:28.626 [main] INFO  Util.LoggerUtil - Get browser value
16:47:28.626 [main] INFO  Util.LoggerUtil - Get url value
16:47:29.280 [main] INFO  Util.LoggerUtil - Get headless value
16:47:30.459 [main] INFO  Util.LoggerUtil - Driver tear down
16:47:30.478 [main] INFO  Util.LoggerUtil - Read src/test/java/TestData/BasicTestsData/CheckboxDemoData.xlsx data
16:47:30.480 [main] INFO  Util.LoggerUtil - Get browser value
16:47:30.480 [main] INFO  Util.LoggerUtil - Get url value
16:47:31.118 [main] INFO  Util.LoggerUtil - Get headless value
16:47:32.171 [main] INFO  Util.LoggerUtil - Driver tear down
16:47:32.192 [main] INFO  Util.LoggerUtil - Read src/test/java/TestData/BasicTestsData/CheckboxDemoData.xlsx data
16:47:32.192 [main] INFO  Util.LoggerUtil - Get browser value
16:47:32.193 [main] INFO  Util.LoggerUtil - Get url value
16:47:32.785 [main] INFO  Util.LoggerUtil - Get headless value
16:47:33.762 [main] INFO  Util.LoggerUtil - Driver tear down
16:47:33.763 [main] INFO  Util.LoggerUtil - Get browser value
16:47:33.764 [main] INFO  Util.LoggerUtil - Get url value
16:47:34.418 [main] INFO  Util.LoggerUtil - Get headless value
16:47:35.642 [main] INFO  Util.LoggerUtil - Driver tear down
16:47:35.672 [main] INFO  Util.LoggerUtil - Read src/test/java/TestData/BasicTestsData/CheckboxDemoData.xlsx data
16:47:35.673 [main] INFO  Util.LoggerUtil - Get browser value
16:47:35.674 [main] INFO  Util.LoggerUtil - Get url value
16:47:36.297 [main] INFO  Util.LoggerUtil - Get headless value
16:47:37.410 [main] INFO  Util.LoggerUtil - Driver tear down
16:47:37.411 [main] INFO  Util.LoggerUtil - Get browser value
16:47:37.411 [main] INFO  Util.LoggerUtil - Get url value
16:47:37.989 [main] INFO  Util.LoggerUtil - Get headless value
16:47:40.212 [main] INFO  Util.LoggerUtil - Driver tear down
16:47:40.212 [main] INFO  Util.LoggerUtil - Get browser value
16:47:40.213 [main] INFO  Util.LoggerUtil - Get url value
16:47:40.831 [main] INFO  Util.LoggerUtil - Get headless value
16:47:42.578 [main] INFO  Util.LoggerUtil - Driver tear down
16:47:42.579 [main] INFO  Util.LoggerUtil - Get browser value
16:47:42.579 [main] INFO  Util.LoggerUtil - Get url value
16:47:43.197 [main] INFO  Util.LoggerUtil - Get headless value
16:47:44.772 [main] INFO  Util.LoggerUtil - Driver tear down
16:47:44.810 [main] INFO  Util.LoggerUtil - Read src/test/java/TestData/BasicTestsData/JavaScriptAlertsData.xlsx data
16:47:44.811 [main] INFO  Util.LoggerUtil - Get browser value
16:47:44.812 [main] INFO  Util.LoggerUtil - Get url value
16:47:45.572 [main] INFO  Util.LoggerUtil - Get headless value
16:47:47.549 [main] INFO  Util.LoggerUtil - Driver tear down
16:47:47.568 [main] INFO  Util.LoggerUtil - Read src/test/java/TestData/BasicTestsData/JavaScriptAlertsData.xlsx data
16:47:47.568 [main] INFO  Util.LoggerUtil - Get browser value
16:47:47.569 [main] INFO  Util.LoggerUtil - Get url value
16:47:48.270 [main] INFO  Util.LoggerUtil - Get headless value
16:47:49.534 [main] INFO  Util.LoggerUtil - Driver tear down
16:47:49.535 [main] INFO  Util.LoggerUtil - Get browser value
16:47:49.535 [main] INFO  Util.LoggerUtil - Get url value
16:47:50.173 [main] INFO  Util.LoggerUtil - Get headless value
16:47:51.876 [main] INFO  Util.LoggerUtil - Driver tear down
16:47:51.877 [main] INFO  Util.LoggerUtil - Get browser value
16:47:51.877 [main] INFO  Util.LoggerUtil - Get url value
16:47:53.133 [main] INFO  Util.LoggerUtil - Get headless value
16:47:55.507 [main] INFO  Util.LoggerUtil - Driver tear down
16:47:55.525 [main] INFO  Util.LoggerUtil - Read src/test/java/TestData/BasicTestsData/JavaScriptAlertsData.xlsx data
16:47:55.525 [main] INFO  Util.LoggerUtil - Get browser value
16:47:55.526 [main] INFO  Util.LoggerUtil - Get url value
16:47:56.140 [main] INFO  Util.LoggerUtil - Get headless value
16:47:57.164 [main] INFO  Util.LoggerUtil - Driver tear down
16:47:57.178 [main] INFO  Util.LoggerUtil - Read src/test/java/TestData/BasicTestsData/JavaScriptAlertsData.xlsx data
16:47:57.179 [main] INFO  Util.LoggerUtil - Get browser value
16:47:57.179 [main] INFO  Util.LoggerUtil - Get url value
16:47:58.002 [main] INFO  Util.LoggerUtil - Get headless value
16:47:59.097 [main] INFO  Util.LoggerUtil - Driver tear down
16:47:59.212 [main] INFO  Util.LoggerUtil - Read src/test/java/TestData/BasicTestsData/RadioButtonsData.xlsx data
16:47:59.213 [main] INFO  Util.LoggerUtil - Get browser value
16:47:59.214 [main] INFO  Util.LoggerUtil - Get url value
16:47:59.840 [main] INFO  Util.LoggerUtil - Get headless value
16:48:01.046 [main] INFO  Util.LoggerUtil - Driver tear down
16:48:01.047 [main] INFO  Util.LoggerUtil - Get browser value
16:48:01.047 [main] INFO  Util.LoggerUtil - Get url value
16:48:01.705 [main] INFO  Util.LoggerUtil - Get headless value
16:48:02.694 [main] INFO  Util.LoggerUtil - Driver tear down
16:48:02.695 [main] INFO  Util.LoggerUtil - Get browser value
16:48:02.695 [main] INFO  Util.LoggerUtil - Get url value
16:48:03.377 [main] INFO  Util.LoggerUtil - Get headless value
16:48:04.504 [main] INFO  Util.LoggerUtil - Driver tear down
16:48:04.524 [main] INFO  Util.LoggerUtil - Read src/test/java/TestData/BasicTestsData/RadioButtonsData.xlsx data
16:48:04.524 [main] INFO  Util.LoggerUtil - Get browser value
16:48:04.525 [main] INFO  Util.LoggerUtil - Get url value
16:48:05.272 [main] INFO  Util.LoggerUtil - Get headless value
16:48:06.727 [main] INFO  Util.LoggerUtil - Driver tear down
16:48:06.727 [main] INFO  Util.LoggerUtil - Get browser value
16:48:06.728 [main] INFO  Util.LoggerUtil - Get url value
16:48:07.332 [main] INFO  Util.LoggerUtil - Get headless value
16:48:08.424 [main] INFO  Util.LoggerUtil - Driver tear down
16:48:08.425 [main] INFO  Util.LoggerUtil - Get browser value
16:48:08.426 [main] INFO  Util.LoggerUtil - Get url value
16:48:09.059 [main] INFO  Util.LoggerUtil - Get headless value
16:48:10.133 [main] INFO  Util.LoggerUtil - Driver tear down
16:48:10.133 [main] INFO  Util.LoggerUtil - Get browser value
16:48:10.133 [main] INFO  Util.LoggerUtil - Get url value
16:48:10.714 [main] INFO  Util.LoggerUtil - Get headless value
16:48:11.724 [main] INFO  Util.LoggerUtil - Driver tear down
16:48:11.725 [main] INFO  Util.LoggerUtil - Get browser value
16:48:11.725 [main] INFO  Util.LoggerUtil - Get url value
16:48:12.373 [main] INFO  Util.LoggerUtil - Get headless value
16:48:13.658 [main] INFO  Util.LoggerUtil - Driver tear down
16:48:13.659 [main] INFO  Util.LoggerUtil - Get browser value
16:48:13.659 [main] INFO  Util.LoggerUtil - Get url value
16:48:14.288 [main] INFO  Util.LoggerUtil - Get headless value
16:48:15.416 [main] INFO  Util.LoggerUtil - Driver tear down
16:48:15.432 [main] INFO  Util.LoggerUtil - Read src/test/java/TestData/BasicTestsData/RadioButtonsData.xlsx data
16:48:15.433 [main] INFO  Util.LoggerUtil - Get browser value
16:48:15.433 [main] INFO  Util.LoggerUtil - Get url value
16:48:16.284 [main] INFO  Util.LoggerUtil - Get headless value
16:48:17.251 [main] INFO  Util.LoggerUtil - Driver tear down
16:48:17.251 [main] INFO  Util.LoggerUtil - Get browser value
16:48:17.251 [main] INFO  Util.LoggerUtil - Get url value
16:48:17.877 [main] INFO  Util.LoggerUtil - Get headless value
16:48:19.032 [main] INFO  Util.LoggerUtil - Driver tear down
16:48:19.047 [main] INFO  Util.LoggerUtil - Read src/test/java/TestData/BasicTestsData/RadioButtonsData.xlsx data
16:48:19.048 [main] INFO  Util.LoggerUtil - Get browser value
16:48:19.048 [main] INFO  Util.LoggerUtil - Get url value
16:48:19.719 [main] INFO  Util.LoggerUtil - Get headless value
16:48:21.029 [main] INFO  Util.LoggerUtil - Driver tear down
16:48:21.030 [main] INFO  Util.LoggerUtil - Get browser value
16:48:21.030 [main] INFO  Util.LoggerUtil - Get url value
16:48:21.654 [main] INFO  Util.LoggerUtil - Get headless value
16:48:22.645 [main] INFO  Util.LoggerUtil - Driver tear down
16:48:22.645 [main] INFO  Util.LoggerUtil - Get browser value
16:48:22.646 [main] INFO  Util.LoggerUtil - Get url value
16:48:23.258 [main] INFO  Util.LoggerUtil - Get headless value
16:48:24.360 [main] INFO  Util.LoggerUtil - Driver tear down
16:48:24.499 [main] INFO  Util.LoggerUtil - Read src/test/java/TestData/BasicTestsData/SelectDropdownListDemoData.xlsx data
16:48:24.502 [main] INFO  Util.LoggerUtil - Get browser value
16:48:24.503 [main] INFO  Util.LoggerUtil - Get url value
16:48:25.167 [main] INFO  Util.LoggerUtil - Get headless value
16:48:26.237 [main] INFO  Util.LoggerUtil - Driver tear down
16:48:26.250 [main] INFO  Util.LoggerUtil - Read src/test/java/TestData/BasicTestsData/SelectDropdownListDemoData.xlsx data
16:48:26.250 [main] INFO  Util.LoggerUtil - Get browser value
16:48:26.250 [main] INFO  Util.LoggerUtil - Get url value
16:48:26.862 [main] INFO  Util.LoggerUtil - Get headless value
16:48:27.993 [main] INFO  Util.LoggerUtil - Driver tear down
16:48:27.994 [main] INFO  Util.LoggerUtil - Get browser value
16:48:27.994 [main] INFO  Util.LoggerUtil - Get url value
16:48:28.589 [main] INFO  Util.LoggerUtil - Get headless value
16:48:29.782 [main] INFO  Util.LoggerUtil - Driver tear down
16:48:29.783 [main] INFO  Util.LoggerUtil - Get browser value
16:48:29.783 [main] INFO  Util.LoggerUtil - Get url value
16:48:30.444 [main] INFO  Util.LoggerUtil - Get headless value
16:48:31.502 [main] INFO  Util.LoggerUtil - Driver tear down
16:48:31.503 [main] INFO  Util.LoggerUtil - Get browser value
16:48:31.503 [main] INFO  Util.LoggerUtil - Get url value
16:48:32.173 [main] INFO  Util.LoggerUtil - Get headless value
16:48:33.187 [main] INFO  Util.LoggerUtil - Driver tear down
16:48:33.188 [main] INFO  Util.LoggerUtil - Get browser value
16:48:33.189 [main] INFO  Util.LoggerUtil - Get url value
16:48:33.847 [main] INFO  Util.LoggerUtil - Get headless value
16:48:35.085 [main] INFO  Util.LoggerUtil - Driver tear down
16:48:35.086 [main] INFO  Util.LoggerUtil - Get browser value
16:48:35.086 [main] INFO  Util.LoggerUtil - Get url value
16:48:35.688 [main] INFO  Util.LoggerUtil - Get headless value
16:48:37.333 [main] INFO  Util.LoggerUtil - Driver tear down
16:48:37.334 [main] INFO  Util.LoggerUtil - Get browser value
16:48:37.334 [main] INFO  Util.LoggerUtil - Get url value
16:48:37.999 [main] INFO  Util.LoggerUtil - Get headless value
16:48:39.717 [main] INFO  Util.LoggerUtil - Driver tear down
16:48:39.734 [main] INFO  Util.LoggerUtil - Read src/test/java/TestData/BasicTestsData/SelectDropdownListDemoData.xlsx data
16:48:39.735 [main] INFO  Util.LoggerUtil - Get browser value
16:48:39.735 [main] INFO  Util.LoggerUtil - Get url value
16:48:40.362 [main] INFO  Util.LoggerUtil - Get headless value
16:48:42.118 [main] INFO  Util.LoggerUtil - Driver tear down
16:48:42.118 [main] INFO  Util.LoggerUtil - Get browser value
16:48:42.119 [main] INFO  Util.LoggerUtil - Get url value
16:48:42.812 [main] INFO  Util.LoggerUtil - Get headless value
16:48:44.522 [main] INFO  Util.LoggerUtil - Driver tear down
16:48:44.709 [main] INFO  Util.LoggerUtil - Read src/test/java/TestData/BasicTestsData/SimpleFormDemoData.xlsx data
16:48:44.710 [main] INFO  Util.LoggerUtil - Get browser value
16:48:44.710 [main] INFO  Util.LoggerUtil - Get url value
16:48:45.300 [main] INFO  Util.LoggerUtil - Get headless value
16:48:46.439 [main] INFO  Util.LoggerUtil - Driver tear down
16:48:46.440 [main] INFO  Util.LoggerUtil - Get browser value
16:48:46.440 [main] INFO  Util.LoggerUtil - Get url value
16:48:47.024 [main] INFO  Util.LoggerUtil - Get headless value
16:48:48.019 [main] INFO  Util.LoggerUtil - Driver tear down
16:48:48.019 [main] INFO  Util.LoggerUtil - Get browser value
16:48:48.020 [main] INFO  Util.LoggerUtil - Get url value
16:48:48.603 [main] INFO  Util.LoggerUtil - Get headless value
16:48:49.628 [main] INFO  Util.LoggerUtil - Driver tear down
16:48:49.629 [main] INFO  Util.LoggerUtil - Get browser value
16:48:49.629 [main] INFO  Util.LoggerUtil - Get url value
16:48:50.192 [main] INFO  Util.LoggerUtil - Get headless value
16:48:51.242 [main] INFO  Util.LoggerUtil - Driver tear down
16:48:51.337 [main] INFO  Util.LoggerUtil - Read src/test/java/TestData/BasicTestsData/WindowsPopupDemoData.xlsx data
16:48:51.338 [main] INFO  Util.LoggerUtil - Get browser value
16:48:51.338 [main] INFO  Util.LoggerUtil - Get url value
16:48:51.905 [main] INFO  Util.LoggerUtil - Get headless value
16:48:53.304 [main] INFO  Util.LoggerUtil - Driver tear down
16:48:53.314 [main] INFO  Util.LoggerUtil - Read src/test/java/TestData/BasicTestsData/WindowsPopupDemoData.xlsx data
16:48:53.315 [main] INFO  Util.LoggerUtil - Get browser value
16:48:53.315 [main] INFO  Util.LoggerUtil - Get url value
16:48:53.917 [main] INFO  Util.LoggerUtil - Get headless value
16:48:55.116 [main] INFO  Util.LoggerUtil - Driver tear down
16:50:23.734 [main] INFO  Util.LoggerUtil - Read src/test/java/TestData/BasicTestsData/BoostrapAlertsData.xlsx data
16:50:23.819 [main] INFO  Util.LoggerUtil - Get browser value
16:50:23.819 [main] INFO  Util.LoggerUtil - Get url value
16:50:27.393 [main] INFO  Util.LoggerUtil - Get headless value
16:50:29.698 [main] INFO  Util.LoggerUtil - Driver tear down
16:50:29.758 [main] INFO  Util.LoggerUtil - Read src/test/java/TestData/BasicTestsData/BoostrapAlertsData.xlsx data
16:50:29.760 [main] INFO  Util.LoggerUtil - Get browser value
16:50:29.761 [main] INFO  Util.LoggerUtil - Get url value
16:50:30.410 [main] INFO  Util.LoggerUtil - Get headless value
16:50:31.599 [main] INFO  Util.LoggerUtil - Driver tear down
16:50:31.641 [main] INFO  Util.LoggerUtil - Read src/test/java/TestData/BasicTestsData/BoostrapAlertsData.xlsx data
16:50:31.643 [main] INFO  Util.LoggerUtil - Get browser value
16:50:31.644 [main] INFO  Util.LoggerUtil - Get url value
16:50:32.304 [main] INFO  Util.LoggerUtil - Get headless value
16:50:33.318 [main] INFO  Util.LoggerUtil - Driver tear down
16:50:33.353 [main] INFO  Util.LoggerUtil - Read src/test/java/TestData/BasicTestsData/BoostrapAlertsData.xlsx data
16:50:33.354 [main] INFO  Util.LoggerUtil - Get browser value
16:50:33.354 [main] INFO  Util.LoggerUtil - Get url value
16:50:33.985 [main] INFO  Util.LoggerUtil - Get headless value
16:50:35.115 [main] INFO  Util.LoggerUtil - Driver tear down
16:50:35.155 [main] INFO  Util.LoggerUtil - Read src/test/java/TestData/BasicTestsData/BoostrapAlertsData.xlsx data
16:50:35.156 [main] INFO  Util.LoggerUtil - Get browser value
16:50:35.156 [main] INFO  Util.LoggerUtil - Get url value
16:50:35.839 [main] INFO  Util.LoggerUtil - Get headless value
16:50:37.239 [main] INFO  Util.LoggerUtil - Driver tear down
16:50:37.282 [main] INFO  Util.LoggerUtil - Read src/test/java/TestData/BasicTestsData/BoostrapAlertsData.xlsx data
16:50:37.283 [main] INFO  Util.LoggerUtil - Get browser value
16:50:37.284 [main] INFO  Util.LoggerUtil - Get url value
16:50:37.905 [main] INFO  Util.LoggerUtil - Get headless value
16:50:39.237 [main] INFO  Util.LoggerUtil - Driver tear down
16:50:39.270 [main] INFO  Util.LoggerUtil - Read src/test/java/TestData/BasicTestsData/BoostrapAlertsData.xlsx data
16:50:39.271 [main] INFO  Util.LoggerUtil - Get browser value
16:50:39.271 [main] INFO  Util.LoggerUtil - Get url value
16:50:39.911 [main] INFO  Util.LoggerUtil - Get headless value
16:50:41.022 [main] INFO  Util.LoggerUtil - Driver tear down
16:50:41.068 [main] INFO  Util.LoggerUtil - Read src/test/java/TestData/BasicTestsData/BoostrapAlertsData.xlsx data
16:50:41.070 [main] INFO  Util.LoggerUtil - Get browser value
16:50:41.070 [main] INFO  Util.LoggerUtil - Get url value
16:50:41.674 [main] INFO  Util.LoggerUtil - Get headless value
16:50:42.845 [main] INFO  Util.LoggerUtil - Driver tear down
16:50:42.846 [main] INFO  Util.LoggerUtil - Get browser value
16:50:42.846 [main] INFO  Util.LoggerUtil - Get url value
16:50:43.507 [main] INFO  Util.LoggerUtil - Get headless value
16:50:44.550 [main] INFO  Util.LoggerUtil - Driver tear down
16:50:44.568 [main] INFO  Util.LoggerUtil - Read src/test/java/TestData/BasicTestsData/BoostrapModalsData.xlsx data
16:50:44.569 [main] INFO  Util.LoggerUtil - Get browser value
16:50:44.569 [main] INFO  Util.LoggerUtil - Get url value
16:50:45.192 [main] INFO  Util.LoggerUtil - Get headless value
16:50:46.500 [main] INFO  Util.LoggerUtil - Driver tear down
16:50:46.515 [main] INFO  Util.LoggerUtil - Read src/test/java/TestData/BasicTestsData/BoostrapModalsData.xlsx data
16:50:46.516 [main] INFO  Util.LoggerUtil - Get browser value
16:50:46.516 [main] INFO  Util.LoggerUtil - Get url value
16:50:47.098 [main] INFO  Util.LoggerUtil - Get headless value
16:50:48.193 [main] INFO  Util.LoggerUtil - Driver tear down
16:50:48.215 [main] INFO  Util.LoggerUtil - Read src/test/java/TestData/BasicTestsData/CheckboxDemoData.xlsx data
16:50:48.216 [main] INFO  Util.LoggerUtil - Get browser value
16:50:48.217 [main] INFO  Util.LoggerUtil - Get url value
16:50:48.895 [main] INFO  Util.LoggerUtil - Get headless value
16:50:49.812 [main] INFO  Util.LoggerUtil - Driver tear down
16:50:49.835 [main] INFO  Util.LoggerUtil - Read src/test/java/TestData/BasicTestsData/CheckboxDemoData.xlsx data
16:50:49.836 [main] INFO  Util.LoggerUtil - Get browser value
16:50:49.836 [main] INFO  Util.LoggerUtil - Get url value
16:50:50.457 [main] INFO  Util.LoggerUtil - Get headless value
16:50:51.554 [main] INFO  Util.LoggerUtil - Driver tear down
16:50:51.572 [main] INFO  Util.LoggerUtil - Read src/test/java/TestData/BasicTestsData/CheckboxDemoData.xlsx data
16:50:51.573 [main] INFO  Util.LoggerUtil - Get browser value
16:50:51.573 [main] INFO  Util.LoggerUtil - Get url value
16:50:52.187 [main] INFO  Util.LoggerUtil - Get headless value
16:50:53.186 [main] INFO  Util.LoggerUtil - Driver tear down
16:50:53.187 [main] INFO  Util.LoggerUtil - Get browser value
16:50:53.187 [main] INFO  Util.LoggerUtil - Get url value
16:50:53.833 [main] INFO  Util.LoggerUtil - Get headless value
16:50:55.454 [main] INFO  Util.LoggerUtil - Driver tear down
16:50:55.473 [main] INFO  Util.LoggerUtil - Read src/test/java/TestData/BasicTestsData/CheckboxDemoData.xlsx data
16:50:55.474 [main] INFO  Util.LoggerUtil - Get browser value
16:50:55.474 [main] INFO  Util.LoggerUtil - Get url value
16:50:56.064 [main] INFO  Util.LoggerUtil - Get headless value
16:50:57.147 [main] INFO  Util.LoggerUtil - Driver tear down
16:50:57.148 [main] INFO  Util.LoggerUtil - Get browser value
16:50:57.148 [main] INFO  Util.LoggerUtil - Get url value
16:50:57.913 [main] INFO  Util.LoggerUtil - Get headless value
16:50:59.300 [main] INFO  Util.LoggerUtil - Driver tear down
16:50:59.301 [main] INFO  Util.LoggerUtil - Get browser value
16:50:59.301 [main] INFO  Util.LoggerUtil - Get url value
16:50:59.904 [main] INFO  Util.LoggerUtil - Get headless value
16:51:01.176 [main] INFO  Util.LoggerUtil - Driver tear down
16:51:01.177 [main] INFO  Util.LoggerUtil - Get browser value
16:51:01.178 [main] INFO  Util.LoggerUtil - Get url value
16:51:01.786 [main] INFO  Util.LoggerUtil - Get headless value
16:51:02.974 [main] INFO  Util.LoggerUtil - Driver tear down
16:51:02.996 [main] INFO  Util.LoggerUtil - Read src/test/java/TestData/BasicTestsData/JavaScriptAlertsData.xlsx data
16:51:02.997 [main] INFO  Util.LoggerUtil - Get browser value
16:51:02.997 [main] INFO  Util.LoggerUtil - Get url value
16:51:03.597 [main] INFO  Util.LoggerUtil - Get headless value
16:51:04.742 [main] INFO  Util.LoggerUtil - Driver tear down
16:51:04.765 [main] INFO  Util.LoggerUtil - Read src/test/java/TestData/BasicTestsData/JavaScriptAlertsData.xlsx data
16:51:04.766 [main] INFO  Util.LoggerUtil - Get browser value
16:51:04.766 [main] INFO  Util.LoggerUtil - Get url value
16:51:05.416 [main] INFO  Util.LoggerUtil - Get headless value
16:51:06.756 [main] INFO  Util.LoggerUtil - Driver tear down
16:51:06.756 [main] INFO  Util.LoggerUtil - Get browser value
16:51:06.757 [main] INFO  Util.LoggerUtil - Get url value
16:51:07.396 [main] INFO  Util.LoggerUtil - Get headless value
16:51:08.363 [main] INFO  Util.LoggerUtil - Driver tear down
16:51:08.363 [main] INFO  Util.LoggerUtil - Get browser value
16:51:08.364 [main] INFO  Util.LoggerUtil - Get url value
16:51:08.963 [main] INFO  Util.LoggerUtil - Get headless value
16:51:10.144 [main] INFO  Util.LoggerUtil - Driver tear down
16:51:10.161 [main] INFO  Util.LoggerUtil - Read src/test/java/TestData/BasicTestsData/JavaScriptAlertsData.xlsx data
16:51:10.161 [main] INFO  Util.LoggerUtil - Get browser value
16:51:10.162 [main] INFO  Util.LoggerUtil - Get url value
16:51:10.753 [main] INFO  Util.LoggerUtil - Get headless value
16:51:11.887 [main] INFO  Util.LoggerUtil - Driver tear down
16:51:11.903 [main] INFO  Util.LoggerUtil - Read src/test/java/TestData/BasicTestsData/JavaScriptAlertsData.xlsx data
16:51:11.904 [main] INFO  Util.LoggerUtil - Get browser value
16:51:11.904 [main] INFO  Util.LoggerUtil - Get url value
16:51:12.602 [main] INFO  Util.LoggerUtil - Get headless value
16:51:13.675 [main] INFO  Util.LoggerUtil - Driver tear down
16:51:13.699 [main] INFO  Util.LoggerUtil - Read src/test/java/TestData/BasicTestsData/RadioButtonsData.xlsx data
16:51:13.700 [main] INFO  Util.LoggerUtil - Get browser value
16:51:13.700 [main] INFO  Util.LoggerUtil - Get url value
16:51:14.360 [main] INFO  Util.LoggerUtil - Get headless value
16:51:15.486 [main] INFO  Util.LoggerUtil - Driver tear down
16:51:15.486 [main] INFO  Util.LoggerUtil - Get browser value
16:51:15.486 [main] INFO  Util.LoggerUtil - Get url value
16:51:16.239 [main] INFO  Util.LoggerUtil - Get headless value
16:51:17.367 [main] INFO  Util.LoggerUtil - Driver tear down
16:51:17.368 [main] INFO  Util.LoggerUtil - Get browser value
16:51:17.368 [main] INFO  Util.LoggerUtil - Get url value
16:51:18.054 [main] INFO  Util.LoggerUtil - Get headless value
16:51:19.036 [main] INFO  Util.LoggerUtil - Driver tear down
16:51:19.052 [main] INFO  Util.LoggerUtil - Read src/test/java/TestData/BasicTestsData/RadioButtonsData.xlsx data
16:51:19.053 [main] INFO  Util.LoggerUtil - Get browser value
16:51:19.053 [main] INFO  Util.LoggerUtil - Get url value
16:51:19.690 [main] INFO  Util.LoggerUtil - Get headless value
16:51:20.658 [main] INFO  Util.LoggerUtil - Driver tear down
16:51:20.659 [main] INFO  Util.LoggerUtil - Get browser value
16:51:20.659 [main] INFO  Util.LoggerUtil - Get url value
16:51:21.238 [main] INFO  Util.LoggerUtil - Get headless value
16:51:22.435 [main] INFO  Util.LoggerUtil - Driver tear down
16:51:22.435 [main] INFO  Util.LoggerUtil - Get browser value
16:51:22.435 [main] INFO  Util.LoggerUtil - Get url value
16:51:23.081 [main] INFO  Util.LoggerUtil - Get headless value
16:51:24.048 [main] INFO  Util.LoggerUtil - Driver tear down
16:51:24.049 [main] INFO  Util.LoggerUtil - Get browser value
16:51:24.049 [main] INFO  Util.LoggerUtil - Get url value
16:51:24.675 [main] INFO  Util.LoggerUtil - Get headless value
16:51:25.896 [main] INFO  Util.LoggerUtil - Driver tear down
16:51:25.897 [main] INFO  Util.LoggerUtil - Get browser value
16:51:25.897 [main] INFO  Util.LoggerUtil - Get url value
16:51:26.631 [main] INFO  Util.LoggerUtil - Get headless value
16:51:27.910 [main] INFO  Util.LoggerUtil - Driver tear down
16:51:27.911 [main] INFO  Util.LoggerUtil - Get browser value
16:51:27.911 [main] INFO  Util.LoggerUtil - Get url value
16:51:28.555 [main] INFO  Util.LoggerUtil - Get headless value
16:51:29.629 [main] INFO  Util.LoggerUtil - Driver tear down
16:51:29.651 [main] INFO  Util.LoggerUtil - Read src/test/java/TestData/BasicTestsData/RadioButtonsData.xlsx data
16:51:29.652 [main] INFO  Util.LoggerUtil - Get browser value
16:51:29.652 [main] INFO  Util.LoggerUtil - Get url value
16:51:30.314 [main] INFO  Util.LoggerUtil - Get headless value
16:51:31.475 [main] INFO  Util.LoggerUtil - Driver tear down
16:51:31.475 [main] INFO  Util.LoggerUtil - Get browser value
16:51:31.475 [main] INFO  Util.LoggerUtil - Get url value
16:51:32.104 [main] INFO  Util.LoggerUtil - Get headless value
16:51:33.229 [main] INFO  Util.LoggerUtil - Driver tear down
16:51:33.243 [main] INFO  Util.LoggerUtil - Read src/test/java/TestData/BasicTestsData/RadioButtonsData.xlsx data
16:51:33.244 [main] INFO  Util.LoggerUtil - Get browser value
16:51:33.245 [main] INFO  Util.LoggerUtil - Get url value
16:51:33.973 [main] INFO  Util.LoggerUtil - Get headless value
16:51:34.987 [main] INFO  Util.LoggerUtil - Driver tear down
16:51:34.988 [main] INFO  Util.LoggerUtil - Get browser value
16:51:34.988 [main] INFO  Util.LoggerUtil - Get url value
16:51:35.667 [main] INFO  Util.LoggerUtil - Get headless value
16:51:36.813 [main] INFO  Util.LoggerUtil - Driver tear down
16:51:36.813 [main] INFO  Util.LoggerUtil - Get browser value
16:51:36.814 [main] INFO  Util.LoggerUtil - Get url value
16:51:37.444 [main] INFO  Util.LoggerUtil - Get headless value
16:51:38.549 [main] INFO  Util.LoggerUtil - Driver tear down
16:51:38.567 [main] INFO  Util.LoggerUtil - Read src/test/java/TestData/BasicTestsData/SelectDropdownListDemoData.xlsx data
16:51:38.568 [main] INFO  Util.LoggerUtil - Get browser value
16:51:38.568 [main] INFO  Util.LoggerUtil - Get url value
16:51:39.223 [main] INFO  Util.LoggerUtil - Get headless value
16:51:40.240 [main] INFO  Util.LoggerUtil - Driver tear down
16:51:40.255 [main] INFO  Util.LoggerUtil - Read src/test/java/TestData/BasicTestsData/SelectDropdownListDemoData.xlsx data
16:51:40.255 [main] INFO  Util.LoggerUtil - Get browser value
16:51:40.256 [main] INFO  Util.LoggerUtil - Get url value
16:51:40.868 [main] INFO  Util.LoggerUtil - Get headless value
16:51:41.856 [main] INFO  Util.LoggerUtil - Driver tear down
16:51:41.856 [main] INFO  Util.LoggerUtil - Get browser value
16:51:41.857 [main] INFO  Util.LoggerUtil - Get url value
16:51:42.519 [main] INFO  Util.LoggerUtil - Get headless value
16:51:43.477 [main] INFO  Util.LoggerUtil - Driver tear down
16:51:43.478 [main] INFO  Util.LoggerUtil - Get browser value
16:51:43.478 [main] INFO  Util.LoggerUtil - Get url value
16:51:44.094 [main] INFO  Util.LoggerUtil - Get headless value
16:51:45.294 [main] INFO  Util.LoggerUtil - Driver tear down
16:51:45.294 [main] INFO  Util.LoggerUtil - Get browser value
16:51:45.295 [main] INFO  Util.LoggerUtil - Get url value
16:51:46.379 [main] INFO  Util.LoggerUtil - Get headless value
16:51:47.397 [main] INFO  Util.LoggerUtil - Driver tear down
16:51:47.397 [main] INFO  Util.LoggerUtil - Get browser value
16:51:47.397 [main] INFO  Util.LoggerUtil - Get url value
16:51:48.025 [main] INFO  Util.LoggerUtil - Get headless value
16:51:49.094 [main] INFO  Util.LoggerUtil - Driver tear down
16:51:49.095 [main] INFO  Util.LoggerUtil - Get browser value
16:51:49.095 [main] INFO  Util.LoggerUtil - Get url value
16:51:49.761 [main] INFO  Util.LoggerUtil - Get headless value
16:51:51.162 [main] INFO  Util.LoggerUtil - Driver tear down
16:51:51.163 [main] INFO  Util.LoggerUtil - Get browser value
16:51:51.163 [main] INFO  Util.LoggerUtil - Get url value
16:51:51.802 [main] INFO  Util.LoggerUtil - Get headless value
16:51:52.770 [main] INFO  Util.LoggerUtil - Driver tear down
16:51:52.782 [main] INFO  Util.LoggerUtil - Read src/test/java/TestData/BasicTestsData/SelectDropdownListDemoData.xlsx data
16:51:52.783 [main] INFO  Util.LoggerUtil - Get browser value
16:51:52.783 [main] INFO  Util.LoggerUtil - Get url value
16:51:53.696 [main] INFO  Util.LoggerUtil - Get headless value
16:51:54.828 [main] INFO  Util.LoggerUtil - Driver tear down
16:51:54.829 [main] INFO  Util.LoggerUtil - Get browser value
16:51:54.830 [main] INFO  Util.LoggerUtil - Get url value
16:51:55.408 [main] INFO  Util.LoggerUtil - Get headless value
16:51:56.586 [main] INFO  Util.LoggerUtil - Driver tear down
16:51:56.621 [main] INFO  Util.LoggerUtil - Read src/test/java/TestData/BasicTestsData/SimpleFormDemoData.xlsx data
16:51:56.622 [main] INFO  Util.LoggerUtil - Get browser value
16:51:56.622 [main] INFO  Util.LoggerUtil - Get url value
16:51:57.329 [main] INFO  Util.LoggerUtil - Get headless value
16:51:58.330 [main] INFO  Util.LoggerUtil - Driver tear down
16:51:58.331 [main] INFO  Util.LoggerUtil - Get browser value
16:51:58.332 [main] INFO  Util.LoggerUtil - Get url value
16:51:58.978 [main] INFO  Util.LoggerUtil - Get headless value
16:52:00.070 [main] INFO  Util.LoggerUtil - Driver tear down
16:52:00.070 [main] INFO  Util.LoggerUtil - Get browser value
16:52:00.071 [main] INFO  Util.LoggerUtil - Get url value
16:52:00.669 [main] INFO  Util.LoggerUtil - Get headless value
16:52:01.658 [main] INFO  Util.LoggerUtil - Driver tear down
16:52:01.659 [main] INFO  Util.LoggerUtil - Get browser value
16:52:01.659 [main] INFO  Util.LoggerUtil - Get url value
16:52:02.301 [main] INFO  Util.LoggerUtil - Get headless value
16:52:03.579 [main] INFO  Util.LoggerUtil - Driver tear down
16:52:03.609 [main] INFO  Util.LoggerUtil - Read src/test/java/TestData/BasicTestsData/WindowsPopupDemoData.xlsx data
16:52:03.610 [main] INFO  Util.LoggerUtil - Get browser value
16:52:03.610 [main] INFO  Util.LoggerUtil - Get url value
16:52:04.210 [main] INFO  Util.LoggerUtil - Get headless value
16:52:05.335 [main] INFO  Util.LoggerUtil - Driver tear down
16:52:05.354 [main] INFO  Util.LoggerUtil - Read src/test/java/TestData/BasicTestsData/WindowsPopupDemoData.xlsx data
16:52:05.355 [main] INFO  Util.LoggerUtil - Get browser value
16:52:05.355 [main] INFO  Util.LoggerUtil - Get url value
16:52:06.004 [main] INFO  Util.LoggerUtil - Get headless value
16:52:07.063 [main] INFO  Util.LoggerUtil - Driver tear down
16:53:51.757 [main] INFO  Util.LoggerUtil - Read src/test/java/TestData/BasicTestsData/BoostrapAlertsData.xlsx data
16:53:51.781 [main] INFO  Util.LoggerUtil - Get url value
16:53:52.879 [main] INFO  Util.LoggerUtil - Get headless value
16:53:54.843 [main] INFO  Util.LoggerUtil - Driver tear down
16:53:54.895 [main] INFO  Util.LoggerUtil - Read src/test/java/TestData/BasicTestsData/BoostrapAlertsData.xlsx data
16:53:54.896 [main] INFO  Util.LoggerUtil - Get url value
16:53:55.556 [main] INFO  Util.LoggerUtil - Get headless value
16:53:56.823 [main] INFO  Util.LoggerUtil - Driver tear down
16:53:56.867 [main] INFO  Util.LoggerUtil - Read src/test/java/TestData/BasicTestsData/BoostrapAlertsData.xlsx data
16:53:56.868 [main] INFO  Util.LoggerUtil - Get url value
16:53:57.654 [main] INFO  Util.LoggerUtil - Get headless value
16:53:59.031 [main] INFO  Util.LoggerUtil - Driver tear down
16:53:59.071 [main] INFO  Util.LoggerUtil - Read src/test/java/TestData/BasicTestsData/BoostrapAlertsData.xlsx data
16:53:59.072 [main] INFO  Util.LoggerUtil - Get url value
16:53:59.705 [main] INFO  Util.LoggerUtil - Get headless value
16:54:00.860 [main] INFO  Util.LoggerUtil - Driver tear down
16:54:00.895 [main] INFO  Util.LoggerUtil - Read src/test/java/TestData/BasicTestsData/BoostrapAlertsData.xlsx data
16:54:00.895 [main] INFO  Util.LoggerUtil - Get url value
16:54:01.502 [main] INFO  Util.LoggerUtil - Get headless value
16:54:02.648 [main] INFO  Util.LoggerUtil - Driver tear down
16:54:02.702 [main] INFO  Util.LoggerUtil - Read src/test/java/TestData/BasicTestsData/BoostrapAlertsData.xlsx data
16:54:02.704 [main] INFO  Util.LoggerUtil - Get url value
16:54:03.347 [main] INFO  Util.LoggerUtil - Get headless value
16:54:04.335 [main] INFO  Util.LoggerUtil - Driver tear down
16:54:04.365 [main] INFO  Util.LoggerUtil - Read src/test/java/TestData/BasicTestsData/BoostrapAlertsData.xlsx data
16:54:04.365 [main] INFO  Util.LoggerUtil - Get url value
16:54:04.956 [main] INFO  Util.LoggerUtil - Get headless value
16:54:06.191 [main] INFO  Util.LoggerUtil - Driver tear down
16:54:06.226 [main] INFO  Util.LoggerUtil - Read src/test/java/TestData/BasicTestsData/BoostrapAlertsData.xlsx data
16:54:06.227 [main] INFO  Util.LoggerUtil - Get url value
16:54:06.841 [main] INFO  Util.LoggerUtil - Get headless value
16:54:07.875 [main] INFO  Util.LoggerUtil - Driver tear down
16:54:07.876 [main] INFO  Util.LoggerUtil - Get url value
16:54:08.527 [main] INFO  Util.LoggerUtil - Get headless value
16:54:09.786 [main] INFO  Util.LoggerUtil - Driver tear down
16:54:09.809 [main] INFO  Util.LoggerUtil - Read src/test/java/TestData/BasicTestsData/BoostrapModalsData.xlsx data
16:54:09.810 [main] INFO  Util.LoggerUtil - Get url value
16:54:10.631 [main] INFO  Util.LoggerUtil - Get headless value
16:54:12.972 [main] INFO  Util.LoggerUtil - Driver tear down
16:54:12.988 [main] INFO  Util.LoggerUtil - Read src/test/java/TestData/BasicTestsData/BoostrapModalsData.xlsx data
16:54:12.988 [main] INFO  Util.LoggerUtil - Get url value
16:54:13.610 [main] INFO  Util.LoggerUtil - Get headless value
16:54:15.133 [main] INFO  Util.LoggerUtil - Driver tear down
16:54:15.160 [main] INFO  Util.LoggerUtil - Read src/test/java/TestData/BasicTestsData/CheckboxDemoData.xlsx data
16:54:15.161 [main] INFO  Util.LoggerUtil - Get url value
16:54:15.820 [main] INFO  Util.LoggerUtil - Get headless value
16:54:17.128 [main] INFO  Util.LoggerUtil - Driver tear down
16:54:17.157 [main] INFO  Util.LoggerUtil - Read src/test/java/TestData/BasicTestsData/CheckboxDemoData.xlsx data
16:54:17.157 [main] INFO  Util.LoggerUtil - Get url value
16:54:17.782 [main] INFO  Util.LoggerUtil - Get headless value
16:54:18.893 [main] INFO  Util.LoggerUtil - Driver tear down
16:54:18.912 [main] INFO  Util.LoggerUtil - Read src/test/java/TestData/BasicTestsData/CheckboxDemoData.xlsx data
16:54:18.913 [main] INFO  Util.LoggerUtil - Get url value
16:54:19.605 [main] INFO  Util.LoggerUtil - Get headless value
16:54:21.419 [main] INFO  Util.LoggerUtil - Driver tear down
16:54:21.420 [main] INFO  Util.LoggerUtil - Get url value
16:54:22.036 [main] INFO  Util.LoggerUtil - Get headless value
16:54:23.369 [main] INFO  Util.LoggerUtil - Driver tear down
16:54:23.387 [main] INFO  Util.LoggerUtil - Read src/test/java/TestData/BasicTestsData/CheckboxDemoData.xlsx data
16:54:23.388 [main] INFO  Util.LoggerUtil - Get url value
16:54:24.023 [main] INFO  Util.LoggerUtil - Get headless value
16:54:25.051 [main] INFO  Util.LoggerUtil - Driver tear down
16:54:25.052 [main] INFO  Util.LoggerUtil - Get url value
16:54:25.714 [main] INFO  Util.LoggerUtil - Get headless value
16:54:26.897 [main] INFO  Util.LoggerUtil - Driver tear down
16:54:26.898 [main] INFO  Util.LoggerUtil - Get url value
16:54:27.583 [main] INFO  Util.LoggerUtil - Get headless value
16:54:28.602 [main] INFO  Util.LoggerUtil - Driver tear down
16:54:28.602 [main] INFO  Util.LoggerUtil - Get url value
16:54:29.522 [main] INFO  Util.LoggerUtil - Get headless value
16:54:31.357 [main] INFO  Util.LoggerUtil - Driver tear down
16:54:31.375 [main] INFO  Util.LoggerUtil - Read src/test/java/TestData/BasicTestsData/JavaScriptAlertsData.xlsx data
16:54:31.377 [main] INFO  Util.LoggerUtil - Get url value
16:54:31.965 [main] INFO  Util.LoggerUtil - Get headless value
16:54:35.320 [main] INFO  Util.LoggerUtil - Driver tear down
16:54:35.346 [main] INFO  Util.LoggerUtil - Read src/test/java/TestData/BasicTestsData/JavaScriptAlertsData.xlsx data
16:54:35.347 [main] INFO  Util.LoggerUtil - Get url value
16:54:36.251 [main] INFO  Util.LoggerUtil - Get headless value
16:54:37.889 [main] INFO  Util.LoggerUtil - Driver tear down
16:54:37.890 [main] INFO  Util.LoggerUtil - Get url value
16:54:38.727 [main] INFO  Util.LoggerUtil - Get headless value
16:54:39.988 [main] INFO  Util.LoggerUtil - Driver tear down
16:54:39.989 [main] INFO  Util.LoggerUtil - Get url value
16:54:40.634 [main] INFO  Util.LoggerUtil - Get headless value
16:54:41.703 [main] INFO  Util.LoggerUtil - Driver tear down
16:54:41.736 [main] INFO  Util.LoggerUtil - Read src/test/java/TestData/BasicTestsData/JavaScriptAlertsData.xlsx data
16:54:41.737 [main] INFO  Util.LoggerUtil - Get url value
16:54:42.335 [main] INFO  Util.LoggerUtil - Get headless value
16:54:43.620 [main] INFO  Util.LoggerUtil - Driver tear down
16:54:43.635 [main] INFO  Util.LoggerUtil - Read src/test/java/TestData/BasicTestsData/JavaScriptAlertsData.xlsx data
16:54:43.636 [main] INFO  Util.LoggerUtil - Get url value
16:54:44.506 [main] INFO  Util.LoggerUtil - Get headless value
16:54:47.128 [main] INFO  Util.LoggerUtil - Driver tear down
16:54:47.154 [main] INFO  Util.LoggerUtil - Read src/test/java/TestData/BasicTestsData/RadioButtonsData.xlsx data
16:54:47.155 [main] INFO  Util.LoggerUtil - Get url value
16:54:47.837 [main] INFO  Util.LoggerUtil - Get headless value
16:54:49.153 [main] INFO  Util.LoggerUtil - Driver tear down
16:54:49.158 [main] INFO  Util.LoggerUtil - Get url value
16:54:50.060 [main] INFO  Util.LoggerUtil - Get headless value
16:54:51.747 [main] INFO  Util.LoggerUtil - Driver tear down
16:54:51.747 [main] INFO  Util.LoggerUtil - Get url value
16:54:52.400 [main] INFO  Util.LoggerUtil - Get headless value
16:54:53.820 [main] INFO  Util.LoggerUtil - Driver tear down
16:54:53.839 [main] INFO  Util.LoggerUtil - Read src/test/java/TestData/BasicTestsData/RadioButtonsData.xlsx data
16:54:53.840 [main] INFO  Util.LoggerUtil - Get url value
16:54:54.437 [main] INFO  Util.LoggerUtil - Get headless value
16:54:55.882 [main] INFO  Util.LoggerUtil - Driver tear down
16:54:55.883 [main] INFO  Util.LoggerUtil - Get url value
16:54:57.014 [main] INFO  Util.LoggerUtil - Get headless value
16:54:58.974 [main] INFO  Util.LoggerUtil - Driver tear down
16:54:58.975 [main] INFO  Util.LoggerUtil - Get url value
16:54:59.592 [main] INFO  Util.LoggerUtil - Get headless value
16:55:01.054 [main] INFO  Util.LoggerUtil - Driver tear down
16:55:01.054 [main] INFO  Util.LoggerUtil - Get url value
16:55:01.673 [main] INFO  Util.LoggerUtil - Get headless value
16:55:03.181 [main] INFO  Util.LoggerUtil - Driver tear down
16:55:03.182 [main] INFO  Util.LoggerUtil - Get url value
16:55:03.894 [main] INFO  Util.LoggerUtil - Get headless value
16:55:05.206 [main] INFO  Util.LoggerUtil - Driver tear down
16:55:05.206 [main] INFO  Util.LoggerUtil - Get url value
16:55:05.839 [main] INFO  Util.LoggerUtil - Get headless value
16:55:07.395 [main] INFO  Util.LoggerUtil - Driver tear down
16:55:07.413 [main] INFO  Util.LoggerUtil - Read src/test/java/TestData/BasicTestsData/RadioButtonsData.xlsx data
16:55:07.414 [main] INFO  Util.LoggerUtil - Get url value
16:55:08.011 [main] INFO  Util.LoggerUtil - Get headless value
16:55:09.203 [main] INFO  Util.LoggerUtil - Driver tear down
16:55:09.204 [main] INFO  Util.LoggerUtil - Get url value
16:55:09.846 [main] INFO  Util.LoggerUtil - Get headless value
16:55:11.315 [main] INFO  Util.LoggerUtil - Driver tear down
16:55:11.336 [main] INFO  Util.LoggerUtil - Read src/test/java/TestData/BasicTestsData/RadioButtonsData.xlsx data
16:55:11.337 [main] INFO  Util.LoggerUtil - Get url value
16:55:12.018 [main] INFO  Util.LoggerUtil - Get headless value
16:55:14.351 [main] INFO  Util.LoggerUtil - Driver tear down
16:55:14.352 [main] INFO  Util.LoggerUtil - Get url value
16:55:14.993 [main] INFO  Util.LoggerUtil - Get headless value
16:55:16.522 [main] INFO  Util.LoggerUtil - Driver tear down
16:55:16.523 [main] INFO  Util.LoggerUtil - Get url value
16:55:17.206 [main] INFO  Util.LoggerUtil - Get headless value
16:55:18.602 [main] INFO  Util.LoggerUtil - Driver tear down
16:55:18.615 [main] INFO  Util.LoggerUtil - Read src/test/java/TestData/BasicTestsData/SelectDropdownListDemoData.xlsx data
16:55:18.616 [main] INFO  Util.LoggerUtil - Get url value
16:55:19.547 [main] INFO  Util.LoggerUtil - Get headless value
16:55:21.244 [main] INFO  Util.LoggerUtil - Driver tear down
16:55:21.256 [main] INFO  Util.LoggerUtil - Read src/test/java/TestData/BasicTestsData/SelectDropdownListDemoData.xlsx data
16:55:21.257 [main] INFO  Util.LoggerUtil - Get url value
16:55:21.876 [main] INFO  Util.LoggerUtil - Get headless value
16:55:23.218 [main] INFO  Util.LoggerUtil - Driver tear down
16:55:23.219 [main] INFO  Util.LoggerUtil - Get url value
16:55:23.926 [main] INFO  Util.LoggerUtil - Get headless value
16:55:27.564 [main] INFO  Util.LoggerUtil - Driver tear down
16:55:27.564 [main] INFO  Util.LoggerUtil - Get url value
16:55:28.532 [main] INFO  Util.LoggerUtil - Get headless value
16:55:30.811 [main] INFO  Util.LoggerUtil - Driver tear down
16:55:30.812 [main] INFO  Util.LoggerUtil - Get url value
16:55:31.543 [main] INFO  Util.LoggerUtil - Get headless value
16:55:32.914 [main] INFO  Util.LoggerUtil - Driver tear down
16:55:32.914 [main] INFO  Util.LoggerUtil - Get url value
16:55:33.776 [main] INFO  Util.LoggerUtil - Get headless value
16:55:34.925 [main] INFO  Util.LoggerUtil - Driver tear down
16:55:34.926 [main] INFO  Util.LoggerUtil - Get url value
16:55:35.645 [main] INFO  Util.LoggerUtil - Get headless value
16:55:38.302 [main] INFO  Util.LoggerUtil - Driver tear down
16:55:38.303 [main] INFO  Util.LoggerUtil - Get url value
16:55:39.139 [main] INFO  Util.LoggerUtil - Get headless value
16:55:40.964 [main] INFO  Util.LoggerUtil - Driver tear down
16:55:40.994 [main] INFO  Util.LoggerUtil - Read src/test/java/TestData/BasicTestsData/SelectDropdownListDemoData.xlsx data
16:55:40.995 [main] INFO  Util.LoggerUtil - Get url value
16:55:41.674 [main] INFO  Util.LoggerUtil - Get headless value
16:55:43.272 [main] INFO  Util.LoggerUtil - Driver tear down
16:55:43.273 [main] INFO  Util.LoggerUtil - Get url value
16:55:43.885 [main] INFO  Util.LoggerUtil - Get headless value
16:55:45.392 [main] INFO  Util.LoggerUtil - Driver tear down
16:55:45.634 [main] INFO  Util.LoggerUtil - Read src/test/java/TestData/BasicTestsData/SimpleFormDemoData.xlsx data
16:55:45.636 [main] INFO  Util.LoggerUtil - Get url value
16:55:46.312 [main] INFO  Util.LoggerUtil - Get headless value
16:55:51.471 [main] INFO  Util.LoggerUtil - Driver tear down
16:55:51.471 [main] INFO  Util.LoggerUtil - Get url value
16:55:52.938 [main] INFO  Util.LoggerUtil - Get headless value
16:55:58.473 [main] INFO  Util.LoggerUtil - Driver tear down
16:55:58.473 [main] INFO  Util.LoggerUtil - Get url value
16:55:59.098 [main] INFO  Util.LoggerUtil - Get headless value
16:57:27.800 [main] INFO  Util.LoggerUtil - Read src/test/java/TestData/BasicTestsData/BoostrapAlertsData.xlsx data
16:57:27.844 [main] INFO  Util.LoggerUtil - Get browser value
16:57:27.844 [main] INFO  Util.LoggerUtil - Get url value
16:57:29.954 [main] INFO  Util.LoggerUtil - Get headless value
16:57:45.755 [main] INFO  Util.LoggerUtil - Initializing driver
16:57:56.162 [main] INFO  Util.LoggerUtil - Driver tear down
16:57:56.231 [main] INFO  Util.LoggerUtil - Read src/test/java/TestData/BasicTestsData/BoostrapAlertsData.xlsx data
16:57:56.232 [main] INFO  Util.LoggerUtil - Get browser value
16:57:56.232 [main] INFO  Util.LoggerUtil - Get url value
16:57:56.325 [main] INFO  Util.LoggerUtil - Get headless value
16:58:04.000 [main] INFO  Util.LoggerUtil - Initializing driver
16:58:12.297 [main] INFO  Util.LoggerUtil - Driver tear down
16:58:12.354 [main] INFO  Util.LoggerUtil - Read src/test/java/TestData/BasicTestsData/BoostrapAlertsData.xlsx data
16:58:12.355 [main] INFO  Util.LoggerUtil - Get browser value
16:58:12.355 [main] INFO  Util.LoggerUtil - Get url value
16:58:12.391 [main] INFO  Util.LoggerUtil - Get headless value
16:58:25.924 [main] INFO  Util.LoggerUtil - Driver tear down
16:58:25.981 [main] INFO  Util.LoggerUtil - Read src/test/java/TestData/BasicTestsData/BoostrapAlertsData.xlsx data
16:58:25.982 [main] INFO  Util.LoggerUtil - Get browser value
16:58:25.983 [main] INFO  Util.LoggerUtil - Get url value
16:58:26.015 [main] INFO  Util.LoggerUtil - Get headless value
16:58:29.613 [main] INFO  Util.LoggerUtil - Driver tear down
16:58:29.660 [main] INFO  Util.LoggerUtil - Read src/test/java/TestData/BasicTestsData/BoostrapAlertsData.xlsx data
16:58:29.661 [main] INFO  Util.LoggerUtil - Get browser value
16:58:29.662 [main] INFO  Util.LoggerUtil - Get url value
16:58:29.691 [main] INFO  Util.LoggerUtil - Get headless value
12:32:01.071 [main] INFO  Util.LoggerUtil - Tests started
12:32:02.744 [TestNG-test=Smoke-1] INFO  Util.LoggerUtil - Read src/test/java/TestData/BasicTestsData/JavaScriptAlertsData.xlsx data
12:32:02.781 [TestNG-test=Smoke-1] INFO  Util.LoggerUtil - Get browser value
12:32:02.782 [TestNG-test=Smoke-1] INFO  Util.LoggerUtil - Get url value
12:32:06.179 [TestNG-test=Smoke-1] INFO  Util.LoggerUtil - Get headless value
12:32:26.776 [TestNG-test=Smoke-1] INFO  Util.LoggerUtil - Initializing driver
12:32:26.780 [TestNG-test=Smoke-1] INFO  Util.LoggerUtil - Get author value
12:32:26.799 [TestNG-test=Smoke-1] INFO  Util.LoggerUtil - Test alertBox_Click_Should_ShowAlertMessage_And_Accept Started
12:32:34.869 [TestNG-test=Smoke-1] ERROR Util.LoggerUtil - Test alertBox_Click_Should_ShowAlertMessage_And_Accept failed
12:32:34.869 [TestNG-test=Smoke-1] INFO  Util.LoggerUtil - Get screenshotOnFail value
12:32:35.087 [TestNG-test=Smoke-1] INFO  Util.LoggerUtil - Capture alertBox_Click_Should_ShowAlertMessage_And_Accept Screenshot
12:32:35.460 [TestNG-test=Smoke-1] INFO  Util.LoggerUtil - Driver tear down
12:32:35.653 [TestNG-test=Smoke-1] INFO  Util.LoggerUtil - Read src/test/java/TestData/BasicTestsData/BoostrapAlertsData.xlsx data
12:32:35.654 [TestNG-test=Smoke-1] INFO  Util.LoggerUtil - Get browser value
12:32:35.654 [TestNG-test=Smoke-1] INFO  Util.LoggerUtil - Get url value
12:32:35.703 [TestNG-test=Smoke-1] INFO  Util.LoggerUtil - Get headless value
12:32:41.283 [TestNG-test=Smoke-1] INFO  Util.LoggerUtil - Initializing driver
12:32:41.284 [TestNG-test=Smoke-1] INFO  Util.LoggerUtil - Get author value
12:32:41.284 [TestNG-test=Smoke-1] INFO  Util.LoggerUtil - Test boostrapAlert_Click_AutoInfo_Should_Show_Message_And_Disappear Started
12:32:49.511 [TestNG-test=Smoke-1] ERROR Util.LoggerUtil - Test boostrapAlert_Click_AutoInfo_Should_Show_Message_And_Disappear failed
12:32:49.513 [TestNG-test=Smoke-1] INFO  Util.LoggerUtil - Get screenshotOnFail value
12:32:49.525 [TestNG-test=Smoke-1] ERROR Util.LoggerUtil - Test boostrapAlert_Click_AutoInfo_Should_Show_Message_And_Disappear failed
12:32:49.526 [TestNG-test=Smoke-1] INFO  Util.LoggerUtil - Get screenshotOnFail value
12:32:49.623 [TestNG-test=Smoke-2] INFO  Util.LoggerUtil - Read src/test/java/TestData/BasicTestsData/BoostrapAlertsData.xlsx data
12:32:49.626 [TestNG-test=Smoke-2] INFO  Util.LoggerUtil - Get browser value
12:32:49.627 [TestNG-test=Smoke-2] INFO  Util.LoggerUtil - Get url value
12:32:49.690 [TestNG-test=Smoke-2] INFO  Util.LoggerUtil - Get headless value
12:32:51.553 [TestNG-test=Smoke-2] INFO  Util.LoggerUtil - Get author value
12:32:51.553 [TestNG-test=Smoke-2] INFO  Util.LoggerUtil - Test boostrapAlert_Click_AutoSuccess_Should_Show_Message_And_Disappear Started
12:32:51.554 [TestNG-test=Smoke-2] INFO  Util.LoggerUtil - Test boostrapAlert_Click_AutoSuccess_Should_Show_Message_And_Disappear Skipped
12:32:51.554 [TestNG-test=Smoke-2] INFO  Util.LoggerUtil - Get screenshotOnSkip value
12:32:52.208 [TestNG-test=Smoke-2] INFO  Util.LoggerUtil - Driver tear down
12:32:52.250 [TestNG-test=Smoke-2] INFO  Util.LoggerUtil - Read src/test/java/TestData/BasicTestsData/BoostrapAlertsData.xlsx data
12:32:52.251 [TestNG-test=Smoke-2] INFO  Util.LoggerUtil - Get browser value
12:32:52.251 [TestNG-test=Smoke-2] INFO  Util.LoggerUtil - Get url value
12:32:52.294 [TestNG-test=Smoke-2] INFO  Util.LoggerUtil - Get headless value
12:32:55.021 [TestNG-test=Smoke-2] INFO  Util.LoggerUtil - Get author value
12:32:55.021 [TestNG-test=Smoke-2] INFO  Util.LoggerUtil - Test boostrapAlert_Click_Success_Should_Show_Message Started
12:32:55.022 [TestNG-test=Smoke-2] INFO  Util.LoggerUtil - Test boostrapAlert_Click_Success_Should_Show_Message Skipped
12:32:55.023 [TestNG-test=Smoke-2] INFO  Util.LoggerUtil - Get screenshotOnSkip value
12:32:55.023 [TestNG-test=Smoke-2] INFO  Util.LoggerUtil - Driver tear down
12:32:55.139 [TestNG-test=Smoke-2] INFO  Util.LoggerUtil - Read src/test/java/TestData/BasicTestsData/RadioButtonsData.xlsx data
12:32:55.139 [TestNG-test=Smoke-2] INFO  Util.LoggerUtil - Get browser value
12:32:55.140 [TestNG-test=Smoke-2] INFO  Util.LoggerUtil - Get url value
12:32:55.171 [TestNG-test=Smoke-2] INFO  Util.LoggerUtil - Get headless value
12:32:58.077 [TestNG-test=Smoke-2] INFO  Util.LoggerUtil - Get author value
12:32:58.077 [TestNG-test=Smoke-2] INFO  Util.LoggerUtil - Test groupRadioButton_ClickOnlyAge_Should_Show_Message Started
12:32:58.078 [TestNG-test=Smoke-2] INFO  Util.LoggerUtil - Test groupRadioButton_ClickOnlyAge_Should_Show_Message Skipped
12:32:58.078 [TestNG-test=Smoke-2] INFO  Util.LoggerUtil - Get screenshotOnSkip value
12:32:58.078 [TestNG-test=Smoke-2] INFO  Util.LoggerUtil - Driver tear down
12:32:58.080 [TestNG-test=Smoke-2] INFO  Util.LoggerUtil - Get browser value
12:32:58.080 [TestNG-test=Smoke-2] INFO  Util.LoggerUtil - Get url value
12:32:58.114 [TestNG-test=Smoke-2] INFO  Util.LoggerUtil - Get headless value
13:02:13.770 [main] INFO  TestComponents.Brudnopis - XD
13:02:13.786 [main] ERROR TestComponents.Brudnopis - XD
13:02:13.787 [main] INFO  Util.LoggerUtil - Mateusz
13:03:29.759 [main] INFO  Util.LoggerUtil - Tests started
13:03:29.794 [TestNG-test=test-1] INFO  Util.LoggerUtil - Get author value
13:03:29.800 [TestNG-test=test-1] INFO  Util.LoggerUtil - Test test Started
13:03:47.125 [TestNG-test=test-1] ERROR Util.LoggerUtil - Test test failed
13:03:47.126 [TestNG-test=test-1] INFO  Util.LoggerUtil - Get screenshotOnFail value
13:03:47.171 [TestNG-test=test-1] ERROR Util.LoggerUtil - Test test failed
13:03:47.214 [TestNG-test=test-1] INFO  Util.LoggerUtil - Get screenshotOnFail value
13:03:51.596 [TestNG-test=test-3] INFO  Util.LoggerUtil - Get author value
13:03:51.598 [TestNG-test=test-3] INFO  Util.LoggerUtil - Test test2 Started
13:03:51.598 [TestNG-test=test-3] INFO  TestComponents.Brudnopis - XD
13:03:51.598 [TestNG-test=test-3] ERROR TestComponents.Brudnopis - XD
13:03:51.598 [TestNG-test=test-3] INFO  Util.LoggerUtil - Mateusz
13:03:51.599 [TestNG-test=test-3] INFO  Util.LoggerUtil - Test test2 Passed
13:03:51.599 [TestNG-test=test-3] INFO  Util.LoggerUtil - Get screenshotOnSuccess value
13:03:51.600 [TestNG-test=test-3] ERROR Util.LoggerUtil - Test test2 failed
13:03:51.600 [TestNG-test=test-3] INFO  Util.LoggerUtil - Get screenshotOnFail value
13:03:51.632 [TestNG-test=test-4] INFO  Util.LoggerUtil - Get author value
13:03:51.633 [TestNG-test=test-4] INFO  Util.LoggerUtil - Test testCaseData Started
13:03:51.634 [TestNG-test=test-4] INFO  Util.LoggerUtil - Test testCaseData Passed
13:03:51.682 [TestNG-test=test-4] INFO  Util.LoggerUtil - Get screenshotOnSuccess value
13:03:51.683 [TestNG-test=test-4] ERROR Util.LoggerUtil - Test testCaseData failed
13:03:51.683 [TestNG-test=test-4] INFO  Util.LoggerUtil - Get screenshotOnFail value
13:03:52.834 [main] INFO  Util.LoggerUtil - Tests finished
13:04:54.294 [main] INFO  TestComponents.Brudnopis - XD
13:04:54.297 [main] ERROR TestComponents.Brudnopis - XD
13:04:54.299 [main] INFO  Util.LoggerUtil - Mateusz
13:05:42.560 [main] INFO  TestComponents.Brudnopis - XD
13:05:42.564 [main] ERROR TestComponents.Brudnopis - XD
13:05:42.565 [main] INFO  Util.LoggerUtil - Mateusz
13:05:56.888 [main] INFO  Util.LoggerUtil - Tests started
13:05:56.931 [TestNG-test=test-1] INFO  Util.LoggerUtil - Get author value
13:05:56.937 [TestNG-test=test-1] INFO  Util.LoggerUtil - Test test2 Started
13:05:56.943 [TestNG-test=test-1] INFO  TestComponents.Brudnopis - XD
13:05:56.943 [TestNG-test=test-1] ERROR TestComponents.Brudnopis - XD
13:05:56.944 [TestNG-test=test-1] INFO  Util.LoggerUtil - Mateusz
13:05:56.945 [TestNG-test=test-1] INFO  Util.LoggerUtil - Test test2 Passed
13:05:56.946 [TestNG-test=test-1] INFO  Util.LoggerUtil - Get screenshotOnSuccess value
13:05:56.952 [TestNG-test=test-1] ERROR Util.LoggerUtil - Test test2 failed
13:05:56.953 [TestNG-test=test-1] INFO  Util.LoggerUtil - Get screenshotOnFail value
13:05:57.845 [TestNG-test=test-2] INFO  Util.LoggerUtil - Get author value
13:05:57.846 [TestNG-test=test-2] INFO  Util.LoggerUtil - Test testCaseData Started
13:05:57.849 [TestNG-test=test-2] INFO  Util.LoggerUtil - Test testCaseData Passed
13:05:57.849 [TestNG-test=test-2] INFO  Util.LoggerUtil - Get screenshotOnSuccess value
13:05:57.850 [TestNG-test=test-2] ERROR Util.LoggerUtil - Test testCaseData failed
13:05:57.850 [TestNG-test=test-2] INFO  Util.LoggerUtil - Get screenshotOnFail value
13:05:58.243 [main] INFO  Util.LoggerUtil - Tests finished
13:06:28.529 [TestNG-test=test-1] INFO  TestComponents.Brudnopis - XD
13:06:28.532 [TestNG-test=test-1] ERROR TestComponents.Brudnopis - XD
13:06:28.533 [TestNG-test=test-1] INFO  Util.LoggerUtil - Mateusz
